<?xml version="1.0" encoding="UTF-8"?>
<!-- Generated by org.testng.reporters.JUnitXMLReporter -->
<testsuite ignored="0" hostname="DESKTOP-GOOE8VN" failures="15" tests="50" name="Test" time="542.201" errors="0" timestamp="2025-07-14T17:18:10 IST">
  <testcase classname="tutorialsninja.tests.Register" name="verifyRegisteringWithMandatoryFeild" time="3.287"/>
  <testcase classname="tutorialsninja.tests.Register" name="verifyRegisteringWithAllFeild" time="4.035"/>
  <testcase classname="tutorialsninja.tests.Register" name="verifyResigteringAccountWithoutFillFields" time="1.131"/>
  <testcase classname="tutorialsninja.tests.Register" name="verifyRegisteringAccountBySubscribingToNewsletter" time="4.01"/>
  <testcase classname="tutorialsninja.tests.Register" name="verifyRegisteringAccountBySayingNoToNewsletter" time="3.57"/>
  <testcase classname="tutorialsninja.tests.Register" name="verifyNavigatingToRegisterAccountUsingMultipleWay" time="4.078"/>
  <testcase classname="tutorialsninja.tests.Register" name="verifyRegisteringAccountByProvidingMismatchingPassword" time="2.192"/>
  <testcase classname="tutorialsninja.tests.Register" name="verifyRegisteringAccountUsingExistingEmail" time="2.306"/>
  <testcase classname="tutorialsninja.tests.Register" name="verifyRegisteringAccountUsingInvalidEmail" time="10.054">
    <failure type="java.lang.AssertionError" message="expected [false] but found [true]">
      <![CDATA[java.lang.AssertionError: expected [false] but found [true]
at tutorialsninja.tests.Register.verifyRegisteringAccountUsingInvalidEmail(Register.java:286)
at java.base/java.util.ArrayList.forEach(ArrayList.java:1597)
... Removed 29 stack frames]]>
    </failure>
  </testcase> <!-- verifyRegisteringAccountUsingInvalidEmail -->
  <testcase classname="tutorialsninja.tests.Register" name="verifyRegisterAccountProvidingInvalidTelephoneNumber" time="5.611">
    <failure type="java.lang.AssertionError" message="expected [true] but found [false]">
      <![CDATA[java.lang.AssertionError: expected [true] but found [false]
at tutorialsninja.tests.Register.verifyRegisterAccountProvidingInvalidTelephoneNumber(Register.java:330)
at java.base/java.util.ArrayList.forEach(ArrayList.java:1597)
... Removed 29 stack frames]]>
    </failure>
  </testcase> <!-- verifyRegisterAccountProvidingInvalidTelephoneNumber -->
  <testcase classname="tutorialsninja.tests.Register" name="verifyRegisterAccountUsingKeyboardKeys" time="21.454"/>
  <testcase classname="tutorialsninja.tests.Register" name="verifyPlaceHoldersofTextFieldsInRegisterAccountPage" time="0.168"/>
  <testcase classname="tutorialsninja.tests.Register" name="verifyMandatoryFeildsSymbolAndColorInRegisterAccountPage" time="0.306"/>
  <testcase classname="tutorialsninja.tests.Register" name="verifyRegisteringAccountWithOnlySpaces" time="2.267"/>
  <testcase classname="tutorialsninja.tests.Register" name="verifyRegistringAccountAndCheckingPasswordComplexityStanderds" time="8.527">
    <failure type="java.lang.AssertionError" message="expected [true] but found [false]">
      <![CDATA[java.lang.AssertionError: expected [true] but found [false]
at tutorialsninja.tests.Register.verifyRegistringAccountAndCheckingPasswordComplexityStanderds(Register.java:444)
at java.base/java.util.ArrayList.forEach(ArrayList.java:1597)
... Removed 29 stack frames]]>
    </failure>
  </testcase> <!-- verifyRegistringAccountAndCheckingPasswordComplexityStanderds -->
  <testcase classname="tutorialsninja.tests.Register" name="verifyRegistringAccountAndCheckingPasswordComplexityStanderds" time="8.388">
    <failure type="java.lang.AssertionError" message="expected [true] but found [false]">
      <![CDATA[java.lang.AssertionError: expected [true] but found [false]
at tutorialsninja.tests.Register.verifyRegistringAccountAndCheckingPasswordComplexityStanderds(Register.java:444)
at java.base/java.util.ArrayList.forEach(ArrayList.java:1597)
... Removed 29 stack frames]]>
    </failure>
  </testcase> <!-- verifyRegistringAccountAndCheckingPasswordComplexityStanderds -->
  <testcase classname="tutorialsninja.tests.Register" name="verifyRegistringAccountAndCheckingPasswordComplexityStanderds" time="8.783">
    <failure type="java.lang.AssertionError" message="expected [true] but found [false]">
      <![CDATA[java.lang.AssertionError: expected [true] but found [false]
at tutorialsninja.tests.Register.verifyRegistringAccountAndCheckingPasswordComplexityStanderds(Register.java:444)
at java.base/java.util.ArrayList.forEach(ArrayList.java:1597)
... Removed 29 stack frames]]>
    </failure>
  </testcase> <!-- verifyRegistringAccountAndCheckingPasswordComplexityStanderds -->
  <testcase classname="tutorialsninja.tests.Register" name="verifyRegistringAccountAndCheckingPasswordComplexityStanderds" time="8.442">
    <failure type="java.lang.AssertionError" message="expected [true] but found [false]">
      <![CDATA[java.lang.AssertionError: expected [true] but found [false]
at tutorialsninja.tests.Register.verifyRegistringAccountAndCheckingPasswordComplexityStanderds(Register.java:444)
at java.base/java.util.ArrayList.forEach(ArrayList.java:1597)
... Removed 29 stack frames]]>
    </failure>
  </testcase> <!-- verifyRegistringAccountAndCheckingPasswordComplexityStanderds -->
  <testcase classname="tutorialsninja.tests.Register" name="verifyRegistringAccountAndCheckingPasswordComplexityStanderds" time="8.545">
    <failure type="java.lang.AssertionError" message="expected [true] but found [false]">
      <![CDATA[java.lang.AssertionError: expected [true] but found [false]
at tutorialsninja.tests.Register.verifyRegistringAccountAndCheckingPasswordComplexityStanderds(Register.java:444)
at java.base/java.util.ArrayList.forEach(ArrayList.java:1597)
... Removed 29 stack frames]]>
    </failure>
  </testcase> <!-- verifyRegistringAccountAndCheckingPasswordComplexityStanderds -->
  <testcase classname="tutorialsninja.tests.Register" name="verifyRegisteringAccountFieldsHeightWidthAligment" time="39.094">
    <failure type="org.openqa.selenium.StaleElementReferenceException" message="stale element reference: stale element not found
  (Session info: chrome=138.0.7204.94)
For documentation on this error, please visit: https://www.selenium.dev/documentation/webdriver/troubleshooting/errors#stale-element-reference-exception
Build info: version: &amp;apos;4.24.0&amp;apos;, revision: &amp;apos;748ffc9bc3&amp;apos;
System info: os.name: &amp;apos;Windows 10&amp;apos;, os.arch: &amp;apos;amd64&amp;apos;, os.version: &amp;apos;10.0&amp;apos;, java.version: &amp;apos;22.0.2&amp;apos;
Driver info: org.openqa.selenium.chrome.ChromeDriver
Command: [a71d9d9a35a8798bbd55421b4c1e06c5, isElementDisplayed {id=f.09A76EDBA7E385E806C0975AC2827991.d.14420A7778D87898C063D3B961908C9C.e.443}]
Capabilities {acceptInsecureCerts: false, browserName: chrome, browserVersion: 138.0.7204.94, chrome: {chromedriverVersion: 138.0.7204.94 (545025748884..., userDataDir: C:\Windows\SystemTemp\scope...}, fedcm:accounts: true, goog:chromeOptions: {debuggerAddress: localhost:52049}, networkConnectionEnabled: false, pageLoadStrategy: normal, platformName: windows, proxy: Proxy(), se:cdp: ws://localhost:52049/devtoo..., se:cdpVersion: 138.0.7204.94, setWindowRect: true, strictFileInteractability: false, timeouts: {implicit: 0, pageLoad: 300000, script: 30000}, unhandledPromptBehavior: dismiss and notify, webauthn:extension:credBlob: true, webauthn:extension:largeBlob: true, webauthn:extension:minPinLength: true, webauthn:extension:prf: true, webauthn:virtualAuthenticators: true}
Element: [[ChromeDriver: chrome on windows (a71d9d9a35a8798bbd55421b4c1e06c5)] -&amp;gt; xpath: //input[@id=&amp;apos;input-email&amp;apos;]/following-sibling::div]
Session ID: a71d9d9a35a8798bbd55421b4c1e06c5">
      <![CDATA[org.openqa.selenium.StaleElementReferenceException: stale element reference: stale element not found
  (Session info: chrome=138.0.7204.94)
For documentation on this error, please visit: https://www.selenium.dev/documentation/webdriver/troubleshooting/errors#stale-element-reference-exception
Build info: version: '4.24.0', revision: '748ffc9bc3'
System info: os.name: 'Windows 10', os.arch: 'amd64', os.version: '10.0', java.version: '22.0.2'
Driver info: org.openqa.selenium.chrome.ChromeDriver
Command: [a71d9d9a35a8798bbd55421b4c1e06c5, isElementDisplayed {id=f.09A76EDBA7E385E806C0975AC2827991.d.14420A7778D87898C063D3B961908C9C.e.443}]
Capabilities {acceptInsecureCerts: false, browserName: chrome, browserVersion: 138.0.7204.94, chrome: {chromedriverVersion: 138.0.7204.94 (545025748884..., userDataDir: C:\Windows\SystemTemp\scope...}, fedcm:accounts: true, goog:chromeOptions: {debuggerAddress: localhost:52049}, networkConnectionEnabled: false, pageLoadStrategy: normal, platformName: windows, proxy: Proxy(), se:cdp: ws://localhost:52049/devtoo..., se:cdpVersion: 138.0.7204.94, setWindowRect: true, strictFileInteractability: false, timeouts: {implicit: 0, pageLoad: 300000, script: 30000}, unhandledPromptBehavior: dismiss and notify, webauthn:extension:credBlob: true, webauthn:extension:largeBlob: true, webauthn:extension:minPinLength: true, webauthn:extension:prf: true, webauthn:virtualAuthenticators: true}
Element: [[ChromeDriver: chrome on windows (a71d9d9a35a8798bbd55421b4c1e06c5)] -> xpath: //input[@id='input-email']/following-sibling::div]
Session ID: a71d9d9a35a8798bbd55421b4c1e06c5
at org.openqa.selenium.remote.ErrorCodec.decode(ErrorCodec.java:167)
at org.openqa.selenium.remote.codec.w3c.W3CHttpResponseCodec.decode(W3CHttpResponseCodec.java:138)
at org.openqa.selenium.remote.codec.w3c.W3CHttpResponseCodec.decode(W3CHttpResponseCodec.java:50)
at org.openqa.selenium.remote.HttpCommandExecutor.execute(HttpCommandExecutor.java:190)
at org.openqa.selenium.remote.service.DriverCommandExecutor.invokeExecute(DriverCommandExecutor.java:216)
at org.openqa.selenium.remote.service.DriverCommandExecutor.execute(DriverCommandExecutor.java:174)
at org.openqa.selenium.remote.RemoteWebDriver.execute(RemoteWebDriver.java:545)
at org.openqa.selenium.remote.RemoteWebElement.execute(RemoteWebElement.java:223)
at org.openqa.selenium.remote.RemoteWebElement.isDisplayed(RemoteWebElement.java:282)
at org.openqa.selenium.support.pagefactory.internal.LocatingElementHandler.invoke(LocatingElementHandler.java:51)
at jdk.proxy2/jdk.proxy2.$Proxy17.isDisplayed(Unknown Source)
at pages.RegisterPage.isEmailWarningDisplayed(RegisterPage.java:455)
at tutorialsninja.tests.Register.verifyRegisteringAccountFieldsHeightWidthAligment(Register.java:562)
at java.base/java.util.ArrayList.forEach(ArrayList.java:1597)
... Removed 30 stack frames]]>
    </failure>
  </testcase> <!-- verifyRegisteringAccountFieldsHeightWidthAligment -->
  <testcase classname="tutorialsninja.tests.Register" name="verifyLeadingAndTrailingSpacesWhileRegisteringAccount" time="4.218">
    <failure type="org.openqa.selenium.NoSuchElementException" message="no such element: Unable to locate element: {&amp;quot;method&amp;quot;:&amp;quot;xpath&amp;quot;,&amp;quot;selector&amp;quot;:&amp;quot;//a[text()=&amp;apos;Continue&amp;apos;]&amp;quot;}
  (Session info: chrome=138.0.7204.94)
For documentation on this error, please visit: https://www.selenium.dev/documentation/webdriver/troubleshooting/errors#no-such-element-exception
Build info: version: &amp;apos;4.24.0&amp;apos;, revision: &amp;apos;748ffc9bc3&amp;apos;
System info: os.name: &amp;apos;Windows 10&amp;apos;, os.arch: &amp;apos;amd64&amp;apos;, os.version: &amp;apos;10.0&amp;apos;, java.version: &amp;apos;22.0.2&amp;apos;
Driver info: org.openqa.selenium.chrome.ChromeDriver
Command: [272f59ed050ba5029c1c8d32d6c28942, findElement {using=xpath, value=//a[text()=&amp;apos;Continue&amp;apos;]}]
Capabilities {acceptInsecureCerts: false, browserName: chrome, browserVersion: 138.0.7204.94, chrome: {chromedriverVersion: 138.0.7204.94 (545025748884..., userDataDir: C:\Windows\SystemTemp\scope...}, fedcm:accounts: true, goog:chromeOptions: {debuggerAddress: localhost:52347}, networkConnectionEnabled: false, pageLoadStrategy: normal, platformName: windows, proxy: Proxy(), se:cdp: ws://localhost:52347/devtoo..., se:cdpVersion: 138.0.7204.94, setWindowRect: true, strictFileInteractability: false, timeouts: {implicit: 0, pageLoad: 300000, script: 30000}, unhandledPromptBehavior: dismiss and notify, webauthn:extension:credBlob: true, webauthn:extension:largeBlob: true, webauthn:extension:minPinLength: true, webauthn:extension:prf: true, webauthn:virtualAuthenticators: true}
Session ID: 272f59ed050ba5029c1c8d32d6c28942">
      <![CDATA[org.openqa.selenium.NoSuchElementException: no such element: Unable to locate element: {"method":"xpath","selector":"//a[text()='Continue']"}
  (Session info: chrome=138.0.7204.94)
For documentation on this error, please visit: https://www.selenium.dev/documentation/webdriver/troubleshooting/errors#no-such-element-exception
Build info: version: '4.24.0', revision: '748ffc9bc3'
System info: os.name: 'Windows 10', os.arch: 'amd64', os.version: '10.0', java.version: '22.0.2'
Driver info: org.openqa.selenium.chrome.ChromeDriver
Command: [272f59ed050ba5029c1c8d32d6c28942, findElement {using=xpath, value=//a[text()='Continue']}]
Capabilities {acceptInsecureCerts: false, browserName: chrome, browserVersion: 138.0.7204.94, chrome: {chromedriverVersion: 138.0.7204.94 (545025748884..., userDataDir: C:\Windows\SystemTemp\scope...}, fedcm:accounts: true, goog:chromeOptions: {debuggerAddress: localhost:52347}, networkConnectionEnabled: false, pageLoadStrategy: normal, platformName: windows, proxy: Proxy(), se:cdp: ws://localhost:52347/devtoo..., se:cdpVersion: 138.0.7204.94, setWindowRect: true, strictFileInteractability: false, timeouts: {implicit: 0, pageLoad: 300000, script: 30000}, unhandledPromptBehavior: dismiss and notify, webauthn:extension:credBlob: true, webauthn:extension:largeBlob: true, webauthn:extension:minPinLength: true, webauthn:extension:prf: true, webauthn:virtualAuthenticators: true}
Session ID: 272f59ed050ba5029c1c8d32d6c28942
at org.openqa.selenium.remote.ErrorCodec.decode(ErrorCodec.java:167)
at org.openqa.selenium.remote.codec.w3c.W3CHttpResponseCodec.decode(W3CHttpResponseCodec.java:138)
at org.openqa.selenium.remote.codec.w3c.W3CHttpResponseCodec.decode(W3CHttpResponseCodec.java:50)
at org.openqa.selenium.remote.HttpCommandExecutor.execute(HttpCommandExecutor.java:190)
at org.openqa.selenium.remote.service.DriverCommandExecutor.invokeExecute(DriverCommandExecutor.java:216)
at org.openqa.selenium.remote.service.DriverCommandExecutor.execute(DriverCommandExecutor.java:174)
at org.openqa.selenium.remote.RemoteWebDriver.execute(RemoteWebDriver.java:545)
at org.openqa.selenium.remote.ElementLocation$ElementFinder$2.findElement(ElementLocation.java:165)
at org.openqa.selenium.remote.ElementLocation.findElement(ElementLocation.java:59)
at org.openqa.selenium.remote.RemoteWebDriver.findElement(RemoteWebDriver.java:368)
at org.openqa.selenium.remote.RemoteWebDriver.findElement(RemoteWebDriver.java:362)
at org.openqa.selenium.support.pagefactory.DefaultElementLocator.findElement(DefaultElementLocator.java:68)
at org.openqa.selenium.support.pagefactory.internal.LocatingElementHandler.invoke(LocatingElementHandler.java:38)
at jdk.proxy2/jdk.proxy2.$Proxy17.click(Unknown Source)
at pages.AccountSuccessPage.clickOnContinueButton(AccountSuccessPage.java:47)
at tutorialsninja.tests.Register.verifyLeadingAndTrailingSpacesWhileRegisteringAccount(Register.java:717)
at java.base/java.util.ArrayList.forEach(ArrayList.java:1597)
... Removed 28 stack frames]]>
    </failure>
  </testcase> <!-- verifyLeadingAndTrailingSpacesWhileRegisteringAccount -->
  <testcase classname="tutorialsninja.tests.Register" name="verifyPrivacyPolicyFielOnRegisterAccountPage" time="0.041"/>
  <testcase classname="tutorialsninja.tests.Register" name="verifyRegisterAccountWithoutPrivacyPolicySelection" time="2.093"/>
  <testcase classname="tutorialsninja.tests.Register" name="verifyVisibilityTogglineOfPasswordFieldOnRegisterAccount" time="0.088"/>
  <testcase classname="tutorialsninja.tests.Register" name="verifyWorkingOfEveryLinkOnRegisterAccountPage" time="39.725"/>
  <testcase classname="tutorialsninja.tests.Register" name="verifyRegisteringAccountWithoutEnteringPasswordIntoConfirmField" time="2.607"/>
  <testcase classname="tutorialsninja.tests.Register" name="verifyBreadcrumbURLHeadingTitleOfRegisterAccountPage" time="0.107"/>
  <testcase classname="tutorialsninja.tests.Register" name="verifyUIOfRegisterAccountPage" time="1.179">
    <failure type="java.lang.AssertionError" message="expected [false] but found [true]">
      <![CDATA[java.lang.AssertionError: expected [false] but found [true]
at tutorialsninja.tests.Register.verifyUIOfRegisterAccountPage(Register.java:1068)
at java.base/java.util.ArrayList.forEach(ArrayList.java:1597)
... Removed 29 stack frames]]>
    </failure>
  </testcase> <!-- verifyUIOfRegisterAccountPage -->
  <testcase classname="tutorialsninja.tests.Register" name="verifyRegisterAccountInDifferentEnvironment" time="3.063"/>
  <testcase classname="tutorialsninja.tests.Login" name="verifyLoginWithValidCredentials" time="2.477"/>
  <testcase classname="tutorialsninja.tests.Login" name="verifyLoginWithInvalidCredentials" time="1.553"/>
  <testcase classname="tutorialsninja.tests.Login" name="verifyLoginWithInvalidEmailAndValidPassword" time="1.26"/>
  <testcase classname="tutorialsninja.tests.Login" name="verifyLoginWithvalidEmailAndInvalidPassword" time="1.654"/>
  <testcase classname="tutorialsninja.tests.Login" name="verifyLoginWithoutCredentials" time="1.257"/>
  <testcase classname="tutorialsninja.tests.Login" name="verifyForgottendPasswordLinkOnLoginPage" time="0.741"/>
  <testcase classname="tutorialsninja.tests.Login" name="verifyLoggingIntoTheApplicationUsingKeyboardKeys" time="7.043"/>
  <testcase classname="tutorialsninja.tests.Login" name="verifyLoginFieldsPlaceholders" time="0.046"/>
  <testcase classname="tutorialsninja.tests.Login" name="verifyBrowserBackAfterLogin" time="8.192">
    <failure type="org.openqa.selenium.NoSuchElementException" message="no such element: Unable to locate element: {&amp;quot;method&amp;quot;:&amp;quot;xpath&amp;quot;,&amp;quot;selector&amp;quot;:&amp;quot;//a[@class=&amp;apos;list-group-item&amp;apos;][text()=&amp;apos;Logout&amp;apos;]&amp;quot;}
  (Session info: chrome=138.0.7204.94)
For documentation on this error, please visit: https://www.selenium.dev/documentation/webdriver/troubleshooting/errors#no-such-element-exception
Build info: version: &amp;apos;4.24.0&amp;apos;, revision: &amp;apos;748ffc9bc3&amp;apos;
System info: os.name: &amp;apos;Windows 10&amp;apos;, os.arch: &amp;apos;amd64&amp;apos;, os.version: &amp;apos;10.0&amp;apos;, java.version: &amp;apos;22.0.2&amp;apos;
Driver info: org.openqa.selenium.chrome.ChromeDriver
Command: [508fac908bb38c8ad819dafe415b094b, findElement {using=xpath, value=//a[@class=&amp;apos;list-group-item&amp;apos;][text()=&amp;apos;Logout&amp;apos;]}]
Capabilities {acceptInsecureCerts: false, browserName: chrome, browserVersion: 138.0.7204.94, chrome: {chromedriverVersion: 138.0.7204.94 (545025748884..., userDataDir: C:\Windows\SystemTemp\scope...}, fedcm:accounts: true, goog:chromeOptions: {debuggerAddress: localhost:61323}, networkConnectionEnabled: false, pageLoadStrategy: normal, platformName: windows, proxy: Proxy(), se:cdp: ws://localhost:61323/devtoo..., se:cdpVersion: 138.0.7204.94, setWindowRect: true, strictFileInteractability: false, timeouts: {implicit: 0, pageLoad: 300000, script: 30000}, unhandledPromptBehavior: dismiss and notify, webauthn:extension:credBlob: true, webauthn:extension:largeBlob: true, webauthn:extension:minPinLength: true, webauthn:extension:prf: true, webauthn:virtualAuthenticators: true}
Session ID: 508fac908bb38c8ad819dafe415b094b">
      <![CDATA[org.openqa.selenium.NoSuchElementException: no such element: Unable to locate element: {"method":"xpath","selector":"//a[@class='list-group-item'][text()='Logout']"}
  (Session info: chrome=138.0.7204.94)
For documentation on this error, please visit: https://www.selenium.dev/documentation/webdriver/troubleshooting/errors#no-such-element-exception
Build info: version: '4.24.0', revision: '748ffc9bc3'
System info: os.name: 'Windows 10', os.arch: 'amd64', os.version: '10.0', java.version: '22.0.2'
Driver info: org.openqa.selenium.chrome.ChromeDriver
Command: [508fac908bb38c8ad819dafe415b094b, findElement {using=xpath, value=//a[@class='list-group-item'][text()='Logout']}]
Capabilities {acceptInsecureCerts: false, browserName: chrome, browserVersion: 138.0.7204.94, chrome: {chromedriverVersion: 138.0.7204.94 (545025748884..., userDataDir: C:\Windows\SystemTemp\scope...}, fedcm:accounts: true, goog:chromeOptions: {debuggerAddress: localhost:61323}, networkConnectionEnabled: false, pageLoadStrategy: normal, platformName: windows, proxy: Proxy(), se:cdp: ws://localhost:61323/devtoo..., se:cdpVersion: 138.0.7204.94, setWindowRect: true, strictFileInteractability: false, timeouts: {implicit: 0, pageLoad: 300000, script: 30000}, unhandledPromptBehavior: dismiss and notify, webauthn:extension:credBlob: true, webauthn:extension:largeBlob: true, webauthn:extension:minPinLength: true, webauthn:extension:prf: true, webauthn:virtualAuthenticators: true}
Session ID: 508fac908bb38c8ad819dafe415b094b
at org.openqa.selenium.remote.ErrorCodec.decode(ErrorCodec.java:167)
at org.openqa.selenium.remote.codec.w3c.W3CHttpResponseCodec.decode(W3CHttpResponseCodec.java:138)
at org.openqa.selenium.remote.codec.w3c.W3CHttpResponseCodec.decode(W3CHttpResponseCodec.java:50)
at org.openqa.selenium.remote.HttpCommandExecutor.execute(HttpCommandExecutor.java:190)
at org.openqa.selenium.remote.service.DriverCommandExecutor.invokeExecute(DriverCommandExecutor.java:216)
at org.openqa.selenium.remote.service.DriverCommandExecutor.execute(DriverCommandExecutor.java:174)
at org.openqa.selenium.remote.RemoteWebDriver.execute(RemoteWebDriver.java:545)
at org.openqa.selenium.remote.ElementLocation$ElementFinder$2.findElement(ElementLocation.java:165)
at org.openqa.selenium.remote.ElementLocation.findElement(ElementLocation.java:59)
at org.openqa.selenium.remote.RemoteWebDriver.findElement(RemoteWebDriver.java:368)
at org.openqa.selenium.remote.RemoteWebDriver.findElement(RemoteWebDriver.java:362)
at org.openqa.selenium.support.pagefactory.DefaultElementLocator.findElement(DefaultElementLocator.java:68)
at org.openqa.selenium.support.pagefactory.internal.LocatingElementHandler.invoke(LocatingElementHandler.java:38)
at jdk.proxy2/jdk.proxy2.$Proxy17.isDisplayed(Unknown Source)
at pages.AccountPage.isUserLoggedIn(AccountPage.java:50)
at tutorialsninja.tests.Login.verifyBrowserBackAfterLogin(Login.java:164)
at java.base/java.util.ArrayList.forEach(ArrayList.java:1597)
... Removed 28 stack frames]]>
    </failure>
  </testcase> <!-- verifyBrowserBackAfterLogin -->
  <testcase classname="tutorialsninja.tests.Login" name="verifyBrowserBackAfterLoggingOut" time="3.414">
    <failure type="org.openqa.selenium.NoSuchElementException" message="no such element: Unable to locate element: {&amp;quot;method&amp;quot;:&amp;quot;xpath&amp;quot;,&amp;quot;selector&amp;quot;:&amp;quot;//a[@class=&amp;apos;list-group-item&amp;apos;][text()=&amp;apos;Logout&amp;apos;]&amp;quot;}
  (Session info: chrome=138.0.7204.94)
For documentation on this error, please visit: https://www.selenium.dev/documentation/webdriver/troubleshooting/errors#no-such-element-exception
Build info: version: &amp;apos;4.24.0&amp;apos;, revision: &amp;apos;748ffc9bc3&amp;apos;
System info: os.name: &amp;apos;Windows 10&amp;apos;, os.arch: &amp;apos;amd64&amp;apos;, os.version: &amp;apos;10.0&amp;apos;, java.version: &amp;apos;22.0.2&amp;apos;
Driver info: org.openqa.selenium.chrome.ChromeDriver
Command: [387d7fae3e9ca05e1b593c1c7e9ab89a, findElement {using=xpath, value=//a[@class=&amp;apos;list-group-item&amp;apos;][text()=&amp;apos;Logout&amp;apos;]}]
Capabilities {acceptInsecureCerts: false, browserName: chrome, browserVersion: 138.0.7204.94, chrome: {chromedriverVersion: 138.0.7204.94 (545025748884..., userDataDir: C:\Windows\SystemTemp\scope...}, fedcm:accounts: true, goog:chromeOptions: {debuggerAddress: localhost:61166}, networkConnectionEnabled: false, pageLoadStrategy: normal, platformName: windows, proxy: Proxy(), se:cdp: ws://localhost:61166/devtoo..., se:cdpVersion: 138.0.7204.94, setWindowRect: true, strictFileInteractability: false, timeouts: {implicit: 0, pageLoad: 300000, script: 30000}, unhandledPromptBehavior: dismiss and notify, webauthn:extension:credBlob: true, webauthn:extension:largeBlob: true, webauthn:extension:minPinLength: true, webauthn:extension:prf: true, webauthn:virtualAuthenticators: true}
Session ID: 387d7fae3e9ca05e1b593c1c7e9ab89a">
      <![CDATA[org.openqa.selenium.NoSuchElementException: no such element: Unable to locate element: {"method":"xpath","selector":"//a[@class='list-group-item'][text()='Logout']"}
  (Session info: chrome=138.0.7204.94)
For documentation on this error, please visit: https://www.selenium.dev/documentation/webdriver/troubleshooting/errors#no-such-element-exception
Build info: version: '4.24.0', revision: '748ffc9bc3'
System info: os.name: 'Windows 10', os.arch: 'amd64', os.version: '10.0', java.version: '22.0.2'
Driver info: org.openqa.selenium.chrome.ChromeDriver
Command: [387d7fae3e9ca05e1b593c1c7e9ab89a, findElement {using=xpath, value=//a[@class='list-group-item'][text()='Logout']}]
Capabilities {acceptInsecureCerts: false, browserName: chrome, browserVersion: 138.0.7204.94, chrome: {chromedriverVersion: 138.0.7204.94 (545025748884..., userDataDir: C:\Windows\SystemTemp\scope...}, fedcm:accounts: true, goog:chromeOptions: {debuggerAddress: localhost:61166}, networkConnectionEnabled: false, pageLoadStrategy: normal, platformName: windows, proxy: Proxy(), se:cdp: ws://localhost:61166/devtoo..., se:cdpVersion: 138.0.7204.94, setWindowRect: true, strictFileInteractability: false, timeouts: {implicit: 0, pageLoad: 300000, script: 30000}, unhandledPromptBehavior: dismiss and notify, webauthn:extension:credBlob: true, webauthn:extension:largeBlob: true, webauthn:extension:minPinLength: true, webauthn:extension:prf: true, webauthn:virtualAuthenticators: true}
Session ID: 387d7fae3e9ca05e1b593c1c7e9ab89a
at org.openqa.selenium.remote.ErrorCodec.decode(ErrorCodec.java:167)
at org.openqa.selenium.remote.codec.w3c.W3CHttpResponseCodec.decode(W3CHttpResponseCodec.java:138)
at org.openqa.selenium.remote.codec.w3c.W3CHttpResponseCodec.decode(W3CHttpResponseCodec.java:50)
at org.openqa.selenium.remote.HttpCommandExecutor.execute(HttpCommandExecutor.java:190)
at org.openqa.selenium.remote.service.DriverCommandExecutor.invokeExecute(DriverCommandExecutor.java:216)
at org.openqa.selenium.remote.service.DriverCommandExecutor.execute(DriverCommandExecutor.java:174)
at org.openqa.selenium.remote.RemoteWebDriver.execute(RemoteWebDriver.java:545)
at org.openqa.selenium.remote.ElementLocation$ElementFinder$2.findElement(ElementLocation.java:165)
at org.openqa.selenium.remote.ElementLocation.findElement(ElementLocation.java:59)
at org.openqa.selenium.remote.RemoteWebDriver.findElement(RemoteWebDriver.java:368)
at org.openqa.selenium.remote.RemoteWebDriver.findElement(RemoteWebDriver.java:362)
at org.openqa.selenium.support.pagefactory.DefaultElementLocator.findElement(DefaultElementLocator.java:68)
at org.openqa.selenium.support.pagefactory.internal.LocatingElementHandler.invoke(LocatingElementHandler.java:38)
at jdk.proxy2/jdk.proxy2.$Proxy17.click(Unknown Source)
at pages.AccountPage.clickOnLogoutOption(AccountPage.java:45)
at tutorialsninja.tests.Login.verifyBrowserBackAfterLoggingOut(Login.java:174)
at java.base/java.util.ArrayList.forEach(ArrayList.java:1597)
... Removed 28 stack frames]]>
    </failure>
  </testcase> <!-- verifyBrowserBackAfterLoggingOut -->
  <testcase classname="tutorialsninja.tests.Login" name="verifyLoginWithInactiveCredentials" time="1.14"/>
  <testcase classname="tutorialsninja.tests.Login" name="verifyNumberOfUnsuccessfulLoginAttemps" time="5.454"/>
  <testcase classname="tutorialsninja.tests.Login" name="verifyTextEnteredIntoPasswordFieldIsToggledToHideItsVisibility" time="0.025"/>
  <testcase classname="tutorialsninja.tests.Login" name="verifyCopyingOfTextEnteredIntoPasswordField" time="0.147"/>
  <testcase classname="tutorialsninja.tests.Login" name="verifyPasswordIsStoredInHTMLCodeOfThePage" time="0.263"/>
  <testcase classname="tutorialsninja.tests.Login" name="verifyLoggingIntoApplicationAfterChaningPassword" time="4.848">
    <failure type="org.openqa.selenium.NoSuchElementException" message="no such element: Unable to locate element: {&amp;quot;method&amp;quot;:&amp;quot;link text&amp;quot;,&amp;quot;selector&amp;quot;:&amp;quot;Change your password&amp;quot;}
  (Session info: chrome=138.0.7204.94)
For documentation on this error, please visit: https://www.selenium.dev/documentation/webdriver/troubleshooting/errors#no-such-element-exception
Build info: version: &amp;apos;4.24.0&amp;apos;, revision: &amp;apos;748ffc9bc3&amp;apos;
System info: os.name: &amp;apos;Windows 10&amp;apos;, os.arch: &amp;apos;amd64&amp;apos;, os.version: &amp;apos;10.0&amp;apos;, java.version: &amp;apos;22.0.2&amp;apos;
Driver info: org.openqa.selenium.chrome.ChromeDriver
Command: [a22f765c7ae8de9c7826f05670b91455, findElement {using=link text, value=Change your password}]
Capabilities {acceptInsecureCerts: false, browserName: chrome, browserVersion: 138.0.7204.94, chrome: {chromedriverVersion: 138.0.7204.94 (545025748884..., userDataDir: C:\Windows\SystemTemp\scope...}, fedcm:accounts: true, goog:chromeOptions: {debuggerAddress: localhost:59261}, networkConnectionEnabled: false, pageLoadStrategy: normal, platformName: windows, proxy: Proxy(), se:cdp: ws://localhost:59261/devtoo..., se:cdpVersion: 138.0.7204.94, setWindowRect: true, strictFileInteractability: false, timeouts: {implicit: 0, pageLoad: 300000, script: 30000}, unhandledPromptBehavior: dismiss and notify, webauthn:extension:credBlob: true, webauthn:extension:largeBlob: true, webauthn:extension:minPinLength: true, webauthn:extension:prf: true, webauthn:virtualAuthenticators: true}
Session ID: a22f765c7ae8de9c7826f05670b91455">
      <![CDATA[org.openqa.selenium.NoSuchElementException: no such element: Unable to locate element: {"method":"link text","selector":"Change your password"}
  (Session info: chrome=138.0.7204.94)
For documentation on this error, please visit: https://www.selenium.dev/documentation/webdriver/troubleshooting/errors#no-such-element-exception
Build info: version: '4.24.0', revision: '748ffc9bc3'
System info: os.name: 'Windows 10', os.arch: 'amd64', os.version: '10.0', java.version: '22.0.2'
Driver info: org.openqa.selenium.chrome.ChromeDriver
Command: [a22f765c7ae8de9c7826f05670b91455, findElement {using=link text, value=Change your password}]
Capabilities {acceptInsecureCerts: false, browserName: chrome, browserVersion: 138.0.7204.94, chrome: {chromedriverVersion: 138.0.7204.94 (545025748884..., userDataDir: C:\Windows\SystemTemp\scope...}, fedcm:accounts: true, goog:chromeOptions: {debuggerAddress: localhost:59261}, networkConnectionEnabled: false, pageLoadStrategy: normal, platformName: windows, proxy: Proxy(), se:cdp: ws://localhost:59261/devtoo..., se:cdpVersion: 138.0.7204.94, setWindowRect: true, strictFileInteractability: false, timeouts: {implicit: 0, pageLoad: 300000, script: 30000}, unhandledPromptBehavior: dismiss and notify, webauthn:extension:credBlob: true, webauthn:extension:largeBlob: true, webauthn:extension:minPinLength: true, webauthn:extension:prf: true, webauthn:virtualAuthenticators: true}
Session ID: a22f765c7ae8de9c7826f05670b91455
at org.openqa.selenium.remote.ErrorCodec.decode(ErrorCodec.java:167)
at org.openqa.selenium.remote.codec.w3c.W3CHttpResponseCodec.decode(W3CHttpResponseCodec.java:138)
at org.openqa.selenium.remote.codec.w3c.W3CHttpResponseCodec.decode(W3CHttpResponseCodec.java:50)
at org.openqa.selenium.remote.HttpCommandExecutor.execute(HttpCommandExecutor.java:190)
at org.openqa.selenium.remote.service.DriverCommandExecutor.invokeExecute(DriverCommandExecutor.java:216)
at org.openqa.selenium.remote.service.DriverCommandExecutor.execute(DriverCommandExecutor.java:174)
at org.openqa.selenium.remote.RemoteWebDriver.execute(RemoteWebDriver.java:545)
at org.openqa.selenium.remote.ElementLocation$ElementFinder$2.findElement(ElementLocation.java:165)
at org.openqa.selenium.remote.ElementLocation.findElement(ElementLocation.java:59)
at org.openqa.selenium.remote.RemoteWebDriver.findElement(RemoteWebDriver.java:368)
at org.openqa.selenium.remote.RemoteWebDriver.findElement(RemoteWebDriver.java:362)
at org.openqa.selenium.support.pagefactory.DefaultElementLocator.findElement(DefaultElementLocator.java:68)
at org.openqa.selenium.support.pagefactory.internal.LocatingElementHandler.invoke(LocatingElementHandler.java:38)
at jdk.proxy2/jdk.proxy2.$Proxy17.click(Unknown Source)
at pages.AccountPage.clickOnChangeYourPasswordOption(AccountPage.java:40)
at tutorialsninja.tests.Login.verifyLoggingIntoApplicationAfterChaningPassword(Login.java:254)
at java.base/java.util.ArrayList.forEach(ArrayList.java:1597)
... Removed 28 stack frames]]>
    </failure>
  </testcase> <!-- verifyLoggingIntoApplicationAfterChaningPassword -->
  <testcase classname="tutorialsninja.tests.Login" name="verifyNavigatingToDifferentPageFromLoginPage" time="7.675">
    <failure type="org.openqa.selenium.ElementClickInterceptedException" message="element click intercepted: Element &amp;lt;i class=&amp;quot;fa fa-home&amp;quot;&amp;gt;&amp;lt;/i&amp;gt; is not clickable at point (218, 210). Other element would receive the click: &amp;lt;li&amp;gt;...&amp;lt;/li&amp;gt;
  (Session info: chrome=138.0.7204.94)
Build info: version: &amp;apos;4.24.0&amp;apos;, revision: &amp;apos;748ffc9bc3&amp;apos;
System info: os.name: &amp;apos;Windows 10&amp;apos;, os.arch: &amp;apos;amd64&amp;apos;, os.version: &amp;apos;10.0&amp;apos;, java.version: &amp;apos;22.0.2&amp;apos;
Driver info: org.openqa.selenium.chrome.ChromeDriver
Command: [06b4c357bef8ee605139d3176fab46a5, clickElement {id=f.8BA05645246D4C44F2A1E8507230851F.d.7C4C4A5BE0568DB0CC5F35087ED9C209.e.177}]
Capabilities {acceptInsecureCerts: false, browserName: chrome, browserVersion: 138.0.7204.94, chrome: {chromedriverVersion: 138.0.7204.94 (545025748884..., userDataDir: C:\Windows\SystemTemp\scope...}, fedcm:accounts: true, goog:chromeOptions: {debuggerAddress: localhost:58038}, networkConnectionEnabled: false, pageLoadStrategy: normal, platformName: windows, proxy: Proxy(), se:cdp: ws://localhost:58038/devtoo..., se:cdpVersion: 138.0.7204.94, setWindowRect: true, strictFileInteractability: false, timeouts: {implicit: 0, pageLoad: 300000, script: 30000}, unhandledPromptBehavior: dismiss and notify, webauthn:extension:credBlob: true, webauthn:extension:largeBlob: true, webauthn:extension:minPinLength: true, webauthn:extension:prf: true, webauthn:virtualAuthenticators: true}
Element: [[ChromeDriver: chrome on windows (06b4c357bef8ee605139d3176fab46a5)] -&amp;gt; xpath: //i[@class=&amp;apos;fa fa-home&amp;apos;]]
Session ID: 06b4c357bef8ee605139d3176fab46a5">
      <![CDATA[org.openqa.selenium.ElementClickInterceptedException: element click intercepted: Element <i class="fa fa-home"></i> is not clickable at point (218, 210). Other element would receive the click: <li>...</li>
  (Session info: chrome=138.0.7204.94)
Build info: version: '4.24.0', revision: '748ffc9bc3'
System info: os.name: 'Windows 10', os.arch: 'amd64', os.version: '10.0', java.version: '22.0.2'
Driver info: org.openqa.selenium.chrome.ChromeDriver
Command: [06b4c357bef8ee605139d3176fab46a5, clickElement {id=f.8BA05645246D4C44F2A1E8507230851F.d.7C4C4A5BE0568DB0CC5F35087ED9C209.e.177}]
Capabilities {acceptInsecureCerts: false, browserName: chrome, browserVersion: 138.0.7204.94, chrome: {chromedriverVersion: 138.0.7204.94 (545025748884..., userDataDir: C:\Windows\SystemTemp\scope...}, fedcm:accounts: true, goog:chromeOptions: {debuggerAddress: localhost:58038}, networkConnectionEnabled: false, pageLoadStrategy: normal, platformName: windows, proxy: Proxy(), se:cdp: ws://localhost:58038/devtoo..., se:cdpVersion: 138.0.7204.94, setWindowRect: true, strictFileInteractability: false, timeouts: {implicit: 0, pageLoad: 300000, script: 30000}, unhandledPromptBehavior: dismiss and notify, webauthn:extension:credBlob: true, webauthn:extension:largeBlob: true, webauthn:extension:minPinLength: true, webauthn:extension:prf: true, webauthn:virtualAuthenticators: true}
Element: [[ChromeDriver: chrome on windows (06b4c357bef8ee605139d3176fab46a5)] -> xpath: //i[@class='fa fa-home']]
Session ID: 06b4c357bef8ee605139d3176fab46a5
at org.openqa.selenium.remote.ErrorCodec.decode(ErrorCodec.java:167)
at org.openqa.selenium.remote.codec.w3c.W3CHttpResponseCodec.decode(W3CHttpResponseCodec.java:138)
at org.openqa.selenium.remote.codec.w3c.W3CHttpResponseCodec.decode(W3CHttpResponseCodec.java:50)
at org.openqa.selenium.remote.HttpCommandExecutor.execute(HttpCommandExecutor.java:190)
at org.openqa.selenium.remote.service.DriverCommandExecutor.invokeExecute(DriverCommandExecutor.java:216)
at org.openqa.selenium.remote.service.DriverCommandExecutor.execute(DriverCommandExecutor.java:174)
at org.openqa.selenium.remote.RemoteWebDriver.execute(RemoteWebDriver.java:545)
at org.openqa.selenium.remote.RemoteWebElement.execute(RemoteWebElement.java:223)
at org.openqa.selenium.remote.RemoteWebElement.click(RemoteWebElement.java:76)
at org.openqa.selenium.support.pagefactory.internal.LocatingElementHandler.invoke(LocatingElementHandler.java:51)
at jdk.proxy2/jdk.proxy2.$Proxy17.click(Unknown Source)
at pages.HeaderOptions.ClickOnHomeBreadcrumb(HeaderOptions.java:66)
at tutorialsninja.tests.Login.verifyNavigatingToDifferentPageFromLoginPage(Login.java:334)
at java.base/java.util.ArrayList.forEach(ArrayList.java:1597)
... Removed 30 stack frames]]>
    </failure>
  </testcase> <!-- verifyNavigatingToDifferentPageFromLoginPage -->
  <testcase classname="tutorialsninja.tests.Login" name="verifyDifferentWayOfNavigatingToLoginPage" time="3.254"/>
  <testcase classname="tutorialsninja.tests.Login" name="verifyBreadcrumbPageHeadingTitleAndPageURLOfLoginPage" time="0.121"/>
  <testcase classname="tutorialsninja.tests.Login" name="verifyUIOfLoginPage" time="1.035">
    <failure type="java.lang.AssertionError" message="expected [false] but found [true]">
      <![CDATA[java.lang.AssertionError: expected [false] but found [true]
at tutorialsninja.tests.Login.verifyUIOfLoginPage(Login.java:570)
at java.base/java.util.ArrayList.forEach(ArrayList.java:1597)
... Removed 29 stack frames]]>
    </failure>
  </testcase> <!-- verifyUIOfLoginPage -->
  <testcase classname="tutorialsninja.tests.Login" name="verifyLoginFunctionalityInAllEnvioronments" time="1.81"/>
</testsuite> <!-- Test -->
