<?xml version="1.0" encoding="UTF-8"?>
<!-- Generated by org.testng.reporters.JUnitXMLReporter -->
<testsuite ignored="0" hostname="DESKTOP-GOOE8VN" failures="8" tests="50" name="tutorialsninja Tests" time="646.915" errors="0" timestamp="2025-08-07T17:01:55 IST">
  <testcase classname="tutorialsninja.tests.Register" name="verifyRegisteringWithMandatoryFeild" time="3.256"/>
  <testcase classname="tutorialsninja.tests.Register" name="verifyRegisteringWithAllFeild" time="3.679"/>
  <testcase classname="tutorialsninja.tests.Register" name="verifyResigteringAccountWithoutFillFields" time="1.181"/>
  <testcase classname="tutorialsninja.tests.Register" name="verifyRegisteringAccountBySubscribingToNewsletter" time="4.079"/>
  <testcase classname="tutorialsninja.tests.Register" name="verifyRegisteringAccountBySayingNoToNewsletter" time="4.529"/>
  <testcase classname="tutorialsninja.tests.Register" name="verifyNavigatingToRegisterAccountUsingMultipleWay" time="3.074"/>
  <testcase classname="tutorialsninja.tests.Register" name="verifyRegisteringAccountByProvidingMismatchingPassword" time="1.949"/>
  <testcase classname="tutorialsninja.tests.Register" name="verifyRegisteringAccountUsingExistingEmail" time="2.05"/>
  <testcase classname="tutorialsninja.tests.Register" name="verifyRegisteringAccountUsingInvalidEmail" time="10.093">
    <failure type="java.lang.AssertionError" message="expected [false] but found [true]">
      <![CDATA[java.lang.AssertionError: expected [false] but found [true]
at tutorialsninja.tests.Register.verifyRegisteringAccountUsingInvalidEmail(Register.java:286)
at java.base/java.util.ArrayList.forEach(ArrayList.java:1597)
... Removed 29 stack frames]]>
    </failure>
  </testcase> <!-- verifyRegisteringAccountUsingInvalidEmail -->
  <testcase classname="tutorialsninja.tests.Register" name="verifyRegisterAccountProvidingInvalidTelephoneNumber" time="5.569">
    <failure type="java.lang.AssertionError" message="expected [true] but found [false]">
      <![CDATA[java.lang.AssertionError: expected [true] but found [false]
at tutorialsninja.tests.Register.verifyRegisterAccountProvidingInvalidTelephoneNumber(Register.java:330)
at java.base/java.util.ArrayList.forEach(ArrayList.java:1597)
... Removed 29 stack frames]]>
    </failure>
  </testcase> <!-- verifyRegisterAccountProvidingInvalidTelephoneNumber -->
  <testcase classname="tutorialsninja.tests.Register" name="verifyRegisterAccountUsingKeyboardKeys" time="21.533"/>
  <testcase classname="tutorialsninja.tests.Register" name="verifyPlaceHoldersofTextFieldsInRegisterAccountPage" time="0.18"/>
  <testcase classname="tutorialsninja.tests.Register" name="verifyMandatoryFeildsSymbolAndColorInRegisterAccountPage" time="0.31"/>
  <testcase classname="tutorialsninja.tests.Register" name="verifyRegisteringAccountWithOnlySpaces" time="2.075"/>
  <testcase classname="tutorialsninja.tests.Register" name="verifyRegistringAccountAndCheckingPasswordComplexityStanderds" time="8.519">
    <failure type="java.lang.AssertionError" message="expected [true] but found [false]">
      <![CDATA[java.lang.AssertionError: expected [true] but found [false]
at tutorialsninja.tests.Register.verifyRegistringAccountAndCheckingPasswordComplexityStanderds(Register.java:444)
at java.base/java.util.ArrayList.forEach(ArrayList.java:1597)
... Removed 29 stack frames]]>
    </failure>
  </testcase> <!-- verifyRegistringAccountAndCheckingPasswordComplexityStanderds -->
  <testcase classname="tutorialsninja.tests.Register" name="verifyRegistringAccountAndCheckingPasswordComplexityStanderds" time="8.697">
    <failure type="java.lang.AssertionError" message="expected [true] but found [false]">
      <![CDATA[java.lang.AssertionError: expected [true] but found [false]
at tutorialsninja.tests.Register.verifyRegistringAccountAndCheckingPasswordComplexityStanderds(Register.java:444)
at java.base/java.util.ArrayList.forEach(ArrayList.java:1597)
... Removed 29 stack frames]]>
    </failure>
  </testcase> <!-- verifyRegistringAccountAndCheckingPasswordComplexityStanderds -->
  <testcase classname="tutorialsninja.tests.Register" name="verifyRegistringAccountAndCheckingPasswordComplexityStanderds" time="8.649">
    <failure type="java.lang.AssertionError" message="expected [true] but found [false]">
      <![CDATA[java.lang.AssertionError: expected [true] but found [false]
at tutorialsninja.tests.Register.verifyRegistringAccountAndCheckingPasswordComplexityStanderds(Register.java:444)
at java.base/java.util.ArrayList.forEach(ArrayList.java:1597)
... Removed 29 stack frames]]>
    </failure>
  </testcase> <!-- verifyRegistringAccountAndCheckingPasswordComplexityStanderds -->
  <testcase classname="tutorialsninja.tests.Register" name="verifyRegistringAccountAndCheckingPasswordComplexityStanderds" time="7.339">
    <failure type="java.lang.AssertionError" message="expected [true] but found [false]">
      <![CDATA[java.lang.AssertionError: expected [true] but found [false]
at tutorialsninja.tests.Register.verifyRegistringAccountAndCheckingPasswordComplexityStanderds(Register.java:444)
at java.base/java.util.ArrayList.forEach(ArrayList.java:1597)
... Removed 29 stack frames]]>
    </failure>
  </testcase> <!-- verifyRegistringAccountAndCheckingPasswordComplexityStanderds -->
  <testcase classname="tutorialsninja.tests.Register" name="verifyRegistringAccountAndCheckingPasswordComplexityStanderds" time="8.447">
    <failure type="java.lang.AssertionError" message="expected [true] but found [false]">
      <![CDATA[java.lang.AssertionError: expected [true] but found [false]
at tutorialsninja.tests.Register.verifyRegistringAccountAndCheckingPasswordComplexityStanderds(Register.java:444)
at java.base/java.util.ArrayList.forEach(ArrayList.java:1597)
... Removed 29 stack frames]]>
    </failure>
  </testcase> <!-- verifyRegistringAccountAndCheckingPasswordComplexityStanderds -->
  <testcase classname="tutorialsninja.tests.Register" name="verifyRegisteringAccountFieldsHeightWidthAligment" time="89.32">
    <failure type="java.lang.AssertionError" message="expected [true] but found [false]">
      <![CDATA[java.lang.AssertionError: expected [true] but found [false]
at tutorialsninja.tests.Register.verifyRegisteringAccountFieldsHeightWidthAligment(Register.java:682)
at java.base/java.util.ArrayList.forEach(ArrayList.java:1597)
... Removed 29 stack frames]]>
    </failure>
  </testcase> <!-- verifyRegisteringAccountFieldsHeightWidthAligment -->
  <testcase classname="tutorialsninja.tests.Register" name="verifyLeadingAndTrailingSpacesWhileRegisteringAccount" time="4.059"/>
  <testcase classname="tutorialsninja.tests.Register" name="verifyPrivacyPolicyFielOnRegisterAccountPage" time="0.039"/>
  <testcase classname="tutorialsninja.tests.Register" name="verifyRegisterAccountWithoutPrivacyPolicySelection" time="2.15"/>
  <testcase classname="tutorialsninja.tests.Register" name="verifyVisibilityTogglineOfPasswordFieldOnRegisterAccount" time="0.077"/>
  <testcase classname="tutorialsninja.tests.Register" name="verifyWorkingOfEveryLinkOnRegisterAccountPage" time="42.039"/>
  <testcase classname="tutorialsninja.tests.Register" name="verifyRegisteringAccountWithoutEnteringPasswordIntoConfirmField" time="1.945"/>
  <testcase classname="tutorialsninja.tests.Register" name="verifyBreadcrumbURLHeadingTitleOfRegisterAccountPage" time="0.1"/>
  <testcase classname="tutorialsninja.tests.Register" name="verifyUIOfRegisterAccountPage" time="0.916"/>
  <testcase classname="tutorialsninja.tests.Register" name="verifyRegisterAccountInDifferentEnvironment" time="3.281"/>
  <testcase classname="tutorialsninja.tests.Login" name="verifyLoginWithValidCredentials" time="2.073"/>
  <testcase classname="tutorialsninja.tests.Login" name="verifyLoginWithInvalidCredentials" time="1.542"/>
  <testcase classname="tutorialsninja.tests.Login" name="verifyLoginWithInvalidEmailAndValidPassword" time="1.481"/>
  <testcase classname="tutorialsninja.tests.Login" name="verifyLoginWithvalidEmailAndInvalidPassword" time="1.496"/>
  <testcase classname="tutorialsninja.tests.Login" name="verifyLoginWithoutCredentials" time="1.375"/>
  <testcase classname="tutorialsninja.tests.Login" name="verifyForgottendPasswordLinkOnLoginPage" time="0.789"/>
  <testcase classname="tutorialsninja.tests.Login" name="verifyLoggingIntoTheApplicationUsingKeyboardKeys" time="6.813"/>
  <testcase classname="tutorialsninja.tests.Login" name="verifyLoginFieldsPlaceholders" time="0.047"/>
  <testcase classname="tutorialsninja.tests.Login" name="verifyBrowserBackAfterLogin" time="5.584"/>
  <testcase classname="tutorialsninja.tests.Login" name="verifyBrowserBackAfterLoggingOut" time="4.042"/>
  <testcase classname="tutorialsninja.tests.Login" name="verifyLoginWithInactiveCredentials" time="1.614"/>
  <testcase classname="tutorialsninja.tests.Login" name="verifyNumberOfUnsuccessfulLoginAttemps" time="8.491"/>
  <testcase classname="tutorialsninja.tests.Login" name="verifyTextEnteredIntoPasswordFieldIsToggledToHideItsVisibility" time="0.026"/>
  <testcase classname="tutorialsninja.tests.Login" name="verifyCopyingOfTextEnteredIntoPasswordField" time="0.145"/>
  <testcase classname="tutorialsninja.tests.Login" name="verifyPasswordIsStoredInHTMLCodeOfThePage" time="0.295"/>
  <testcase classname="tutorialsninja.tests.Login" name="verifyLoggingIntoApplicationAfterChaningPassword" time="9.745"/>
  <testcase classname="tutorialsninja.tests.Login" name="verifyNavigatingToDifferentPageFromLoginPage" time="39.926"/>
  <testcase classname="tutorialsninja.tests.Login" name="verifyDifferentWayOfNavigatingToLoginPage" time="4.387"/>
  <testcase classname="tutorialsninja.tests.Login" name="verifyBreadcrumbPageHeadingTitleAndPageURLOfLoginPage" time="0.142"/>
  <testcase classname="tutorialsninja.tests.Login" name="verifyUIOfLoginPage" time="1.998"/>
  <testcase classname="tutorialsninja.tests.Login" name="verifyLoginFunctionalityInAllEnvioronments" time="1.661"/>
</testsuite> <!-- tutorialsninja Tests -->
