<?xml version="1.0" encoding="UTF-8"?>
<testng-results ignored="0" total="50" passed="42" failed="8" skipped="0">
  <reporter-output>
  </reporter-output>
  <suite started-at="2025-08-07T16:51:08 IST" name="tutorialsninja Suite" finished-at="2025-08-07T17:01:55 IST" duration-ms="646915">
    <groups>
    </groups>
    <test started-at="2025-08-07T16:51:08 IST" name="tutorialsninja Tests" finished-at="2025-08-07T17:01:55 IST" duration-ms="646915">
      <class name="tutorialsninja.tests.Login">
        <test-method is-config="true" signature="setupReport()[pri:0, instance:tutorialsninja.tests.Login@5e0e82ae]" started-at="2025-08-07T16:51:08 IST" name="setupReport" finished-at="2025-08-07T16:51:08 IST" duration-ms="465" status="PASS">
          <reporter-output>
          </reporter-output>
        </test-method> <!-- setupReport -->
        <test-method is-config="true" signature="setup()[pri:0, instance:tutorialsninja.tests.Login@5e0e82ae]" started-at="2025-08-07T16:58:24 IST" name="setup" finished-at="2025-08-07T16:58:29 IST" duration-ms="5298" status="PASS">
          <reporter-output>
          </reporter-output>
        </test-method> <!-- setup -->
        <test-method signature="verifyLoginWithValidCredentials()[pri:1, instance:tutorialsninja.tests.Login@5e0e82ae]" started-at="2025-08-07T16:58:29 IST" name="verifyLoginWithValidCredentials" finished-at="2025-08-07T16:58:31 IST" duration-ms="2073" status="PASS">
          <reporter-output>
          </reporter-output>
        </test-method> <!-- verifyLoginWithValidCredentials -->
        <test-method is-config="true" signature="teardown()[pri:0, instance:tutorialsninja.tests.Login@5e0e82ae]" started-at="2025-08-07T16:58:31 IST" name="teardown" finished-at="2025-08-07T16:58:32 IST" duration-ms="707" status="PASS">
          <reporter-output>
          </reporter-output>
        </test-method> <!-- teardown -->
        <test-method is-config="true" signature="setup()[pri:0, instance:tutorialsninja.tests.Login@5e0e82ae]" started-at="2025-08-07T16:58:32 IST" name="setup" finished-at="2025-08-07T16:58:37 IST" duration-ms="5102" status="PASS">
          <reporter-output>
          </reporter-output>
        </test-method> <!-- setup -->
        <test-method signature="verifyLoginWithInvalidCredentials()[pri:2, instance:tutorialsninja.tests.Login@5e0e82ae]" started-at="2025-08-07T16:58:37 IST" name="verifyLoginWithInvalidCredentials" finished-at="2025-08-07T16:58:39 IST" duration-ms="1542" status="PASS">
          <reporter-output>
          </reporter-output>
        </test-method> <!-- verifyLoginWithInvalidCredentials -->
        <test-method is-config="true" signature="teardown()[pri:0, instance:tutorialsninja.tests.Login@5e0e82ae]" started-at="2025-08-07T16:58:39 IST" name="teardown" finished-at="2025-08-07T16:58:39 IST" duration-ms="717" status="PASS">
          <reporter-output>
          </reporter-output>
        </test-method> <!-- teardown -->
        <test-method is-config="true" signature="setup()[pri:0, instance:tutorialsninja.tests.Login@5e0e82ae]" started-at="2025-08-07T16:58:39 IST" name="setup" finished-at="2025-08-07T16:58:44 IST" duration-ms="4930" status="PASS">
          <reporter-output>
          </reporter-output>
        </test-method> <!-- setup -->
        <test-method signature="verifyLoginWithInvalidEmailAndValidPassword()[pri:3, instance:tutorialsninja.tests.Login@5e0e82ae]" started-at="2025-08-07T16:58:44 IST" name="verifyLoginWithInvalidEmailAndValidPassword" finished-at="2025-08-07T16:58:46 IST" duration-ms="1481" status="PASS">
          <reporter-output>
          </reporter-output>
        </test-method> <!-- verifyLoginWithInvalidEmailAndValidPassword -->
        <test-method is-config="true" signature="teardown()[pri:0, instance:tutorialsninja.tests.Login@5e0e82ae]" started-at="2025-08-07T16:58:46 IST" name="teardown" finished-at="2025-08-07T16:58:47 IST" duration-ms="734" status="PASS">
          <reporter-output>
          </reporter-output>
        </test-method> <!-- teardown -->
        <test-method is-config="true" signature="setup()[pri:0, instance:tutorialsninja.tests.Login@5e0e82ae]" started-at="2025-08-07T16:58:47 IST" name="setup" finished-at="2025-08-07T16:58:53 IST" duration-ms="6268" status="PASS">
          <reporter-output>
          </reporter-output>
        </test-method> <!-- setup -->
        <test-method signature="verifyLoginWithvalidEmailAndInvalidPassword()[pri:4, instance:tutorialsninja.tests.Login@5e0e82ae]" started-at="2025-08-07T16:58:53 IST" name="verifyLoginWithvalidEmailAndInvalidPassword" finished-at="2025-08-07T16:58:54 IST" duration-ms="1496" status="PASS">
          <reporter-output>
          </reporter-output>
        </test-method> <!-- verifyLoginWithvalidEmailAndInvalidPassword -->
        <test-method is-config="true" signature="teardown()[pri:0, instance:tutorialsninja.tests.Login@5e0e82ae]" started-at="2025-08-07T16:58:54 IST" name="teardown" finished-at="2025-08-07T16:58:55 IST" duration-ms="648" status="PASS">
          <reporter-output>
          </reporter-output>
        </test-method> <!-- teardown -->
        <test-method is-config="true" signature="setup()[pri:0, instance:tutorialsninja.tests.Login@5e0e82ae]" started-at="2025-08-07T16:58:55 IST" name="setup" finished-at="2025-08-07T16:59:00 IST" duration-ms="4985" status="PASS">
          <reporter-output>
          </reporter-output>
        </test-method> <!-- setup -->
        <test-method signature="verifyLoginWithoutCredentials()[pri:5, instance:tutorialsninja.tests.Login@5e0e82ae]" started-at="2025-08-07T16:59:00 IST" name="verifyLoginWithoutCredentials" finished-at="2025-08-07T16:59:01 IST" duration-ms="1375" status="PASS">
          <reporter-output>
          </reporter-output>
        </test-method> <!-- verifyLoginWithoutCredentials -->
        <test-method is-config="true" signature="teardown()[pri:0, instance:tutorialsninja.tests.Login@5e0e82ae]" started-at="2025-08-07T16:59:01 IST" name="teardown" finished-at="2025-08-07T16:59:02 IST" duration-ms="684" status="PASS">
          <reporter-output>
          </reporter-output>
        </test-method> <!-- teardown -->
        <test-method is-config="true" signature="setup()[pri:0, instance:tutorialsninja.tests.Login@5e0e82ae]" started-at="2025-08-07T16:59:02 IST" name="setup" finished-at="2025-08-07T16:59:07 IST" duration-ms="5163" status="PASS">
          <reporter-output>
          </reporter-output>
        </test-method> <!-- setup -->
        <test-method signature="verifyForgottendPasswordLinkOnLoginPage()[pri:6, instance:tutorialsninja.tests.Login@5e0e82ae]" started-at="2025-08-07T16:59:07 IST" name="verifyForgottendPasswordLinkOnLoginPage" finished-at="2025-08-07T16:59:08 IST" duration-ms="789" status="PASS">
          <reporter-output>
          </reporter-output>
        </test-method> <!-- verifyForgottendPasswordLinkOnLoginPage -->
        <test-method is-config="true" signature="teardown()[pri:0, instance:tutorialsninja.tests.Login@5e0e82ae]" started-at="2025-08-07T16:59:08 IST" name="teardown" finished-at="2025-08-07T16:59:09 IST" duration-ms="615" status="PASS">
          <reporter-output>
          </reporter-output>
        </test-method> <!-- teardown -->
        <test-method is-config="true" signature="setup()[pri:0, instance:tutorialsninja.tests.Login@5e0e82ae]" started-at="2025-08-07T16:59:09 IST" name="setup" finished-at="2025-08-07T16:59:13 IST" duration-ms="4702" status="PASS">
          <reporter-output>
          </reporter-output>
        </test-method> <!-- setup -->
        <test-method signature="verifyLoggingIntoTheApplicationUsingKeyboardKeys()[pri:7, instance:tutorialsninja.tests.Login@5e0e82ae]" started-at="2025-08-07T16:59:13 IST" name="verifyLoggingIntoTheApplicationUsingKeyboardKeys" finished-at="2025-08-07T16:59:20 IST" duration-ms="6813" status="PASS">
          <reporter-output>
          </reporter-output>
        </test-method> <!-- verifyLoggingIntoTheApplicationUsingKeyboardKeys -->
        <test-method is-config="true" signature="teardown()[pri:0, instance:tutorialsninja.tests.Login@5e0e82ae]" started-at="2025-08-07T16:59:20 IST" name="teardown" finished-at="2025-08-07T16:59:21 IST" duration-ms="747" status="PASS">
          <reporter-output>
          </reporter-output>
        </test-method> <!-- teardown -->
        <test-method is-config="true" signature="setup()[pri:0, instance:tutorialsninja.tests.Login@5e0e82ae]" started-at="2025-08-07T16:59:21 IST" name="setup" finished-at="2025-08-07T16:59:26 IST" duration-ms="4620" status="PASS">
          <reporter-output>
          </reporter-output>
        </test-method> <!-- setup -->
        <test-method signature="verifyLoginFieldsPlaceholders()[pri:8, instance:tutorialsninja.tests.Login@5e0e82ae]" started-at="2025-08-07T16:59:26 IST" name="verifyLoginFieldsPlaceholders" finished-at="2025-08-07T16:59:26 IST" duration-ms="47" status="PASS">
          <reporter-output>
          </reporter-output>
        </test-method> <!-- verifyLoginFieldsPlaceholders -->
        <test-method is-config="true" signature="teardown()[pri:0, instance:tutorialsninja.tests.Login@5e0e82ae]" started-at="2025-08-07T16:59:26 IST" name="teardown" finished-at="2025-08-07T16:59:26 IST" duration-ms="571" status="PASS">
          <reporter-output>
          </reporter-output>
        </test-method> <!-- teardown -->
        <test-method is-config="true" signature="setup()[pri:0, instance:tutorialsninja.tests.Login@5e0e82ae]" started-at="2025-08-07T16:59:26 IST" name="setup" finished-at="2025-08-07T16:59:31 IST" duration-ms="4695" status="PASS">
          <reporter-output>
          </reporter-output>
        </test-method> <!-- setup -->
        <test-method signature="verifyBrowserBackAfterLogin()[pri:9, instance:tutorialsninja.tests.Login@5e0e82ae]" started-at="2025-08-07T16:59:31 IST" name="verifyBrowserBackAfterLogin" finished-at="2025-08-07T16:59:36 IST" duration-ms="5584" status="PASS">
          <reporter-output>
          </reporter-output>
        </test-method> <!-- verifyBrowserBackAfterLogin -->
        <test-method is-config="true" signature="teardown()[pri:0, instance:tutorialsninja.tests.Login@5e0e82ae]" started-at="2025-08-07T16:59:36 IST" name="teardown" finished-at="2025-08-07T16:59:37 IST" duration-ms="633" status="PASS">
          <reporter-output>
          </reporter-output>
        </test-method> <!-- teardown -->
        <test-method is-config="true" signature="setup()[pri:0, instance:tutorialsninja.tests.Login@5e0e82ae]" started-at="2025-08-07T16:59:37 IST" name="setup" finished-at="2025-08-07T16:59:42 IST" duration-ms="4715" status="PASS">
          <reporter-output>
          </reporter-output>
        </test-method> <!-- setup -->
        <test-method signature="verifyBrowserBackAfterLoggingOut()[pri:10, instance:tutorialsninja.tests.Login@5e0e82ae]" started-at="2025-08-07T16:59:42 IST" name="verifyBrowserBackAfterLoggingOut" finished-at="2025-08-07T16:59:46 IST" duration-ms="4042" status="PASS">
          <reporter-output>
          </reporter-output>
        </test-method> <!-- verifyBrowserBackAfterLoggingOut -->
        <test-method is-config="true" signature="teardown()[pri:0, instance:tutorialsninja.tests.Login@5e0e82ae]" started-at="2025-08-07T16:59:46 IST" name="teardown" finished-at="2025-08-07T16:59:46 IST" duration-ms="616" status="PASS">
          <reporter-output>
          </reporter-output>
        </test-method> <!-- teardown -->
        <test-method is-config="true" signature="setup()[pri:0, instance:tutorialsninja.tests.Login@5e0e82ae]" started-at="2025-08-07T16:59:46 IST" name="setup" finished-at="2025-08-07T16:59:52 IST" duration-ms="5179" status="PASS">
          <reporter-output>
          </reporter-output>
        </test-method> <!-- setup -->
        <test-method signature="verifyLoginWithInactiveCredentials()[pri:11, instance:tutorialsninja.tests.Login@5e0e82ae]" started-at="2025-08-07T16:59:52 IST" name="verifyLoginWithInactiveCredentials" finished-at="2025-08-07T16:59:53 IST" duration-ms="1614" status="PASS">
          <reporter-output>
          </reporter-output>
        </test-method> <!-- verifyLoginWithInactiveCredentials -->
        <test-method is-config="true" signature="teardown()[pri:0, instance:tutorialsninja.tests.Login@5e0e82ae]" started-at="2025-08-07T16:59:53 IST" name="teardown" finished-at="2025-08-07T16:59:54 IST" duration-ms="785" status="PASS">
          <reporter-output>
          </reporter-output>
        </test-method> <!-- teardown -->
        <test-method is-config="true" signature="setup()[pri:0, instance:tutorialsninja.tests.Login@5e0e82ae]" started-at="2025-08-07T16:59:54 IST" name="setup" finished-at="2025-08-07T16:59:59 IST" duration-ms="4907" status="PASS">
          <reporter-output>
          </reporter-output>
        </test-method> <!-- setup -->
        <test-method signature="verifyNumberOfUnsuccessfulLoginAttemps()[pri:12, instance:tutorialsninja.tests.Login@5e0e82ae]" started-at="2025-08-07T16:59:59 IST" name="verifyNumberOfUnsuccessfulLoginAttemps" finished-at="2025-08-07T17:00:07 IST" duration-ms="8491" status="PASS">
          <reporter-output>
          </reporter-output>
        </test-method> <!-- verifyNumberOfUnsuccessfulLoginAttemps -->
        <test-method is-config="true" signature="teardown()[pri:0, instance:tutorialsninja.tests.Login@5e0e82ae]" started-at="2025-08-07T17:00:07 IST" name="teardown" finished-at="2025-08-07T17:00:08 IST" duration-ms="715" status="PASS">
          <reporter-output>
          </reporter-output>
        </test-method> <!-- teardown -->
        <test-method is-config="true" signature="setup()[pri:0, instance:tutorialsninja.tests.Login@5e0e82ae]" started-at="2025-08-07T17:00:08 IST" name="setup" finished-at="2025-08-07T17:00:13 IST" duration-ms="5125" status="PASS">
          <reporter-output>
          </reporter-output>
        </test-method> <!-- setup -->
        <test-method signature="verifyTextEnteredIntoPasswordFieldIsToggledToHideItsVisibility()[pri:13, instance:tutorialsninja.tests.Login@5e0e82ae]" started-at="2025-08-07T17:00:13 IST" name="verifyTextEnteredIntoPasswordFieldIsToggledToHideItsVisibility" finished-at="2025-08-07T17:00:13 IST" duration-ms="26" status="PASS">
          <reporter-output>
          </reporter-output>
        </test-method> <!-- verifyTextEnteredIntoPasswordFieldIsToggledToHideItsVisibility -->
        <test-method is-config="true" signature="teardown()[pri:0, instance:tutorialsninja.tests.Login@5e0e82ae]" started-at="2025-08-07T17:00:13 IST" name="teardown" finished-at="2025-08-07T17:00:14 IST" duration-ms="595" status="PASS">
          <reporter-output>
          </reporter-output>
        </test-method> <!-- teardown -->
        <test-method is-config="true" signature="setup()[pri:0, instance:tutorialsninja.tests.Login@5e0e82ae]" started-at="2025-08-07T17:00:14 IST" name="setup" finished-at="2025-08-07T17:00:19 IST" duration-ms="4631" status="PASS">
          <reporter-output>
          </reporter-output>
        </test-method> <!-- setup -->
        <test-method signature="verifyCopyingOfTextEnteredIntoPasswordField()[pri:14, instance:tutorialsninja.tests.Login@5e0e82ae]" started-at="2025-08-07T17:00:19 IST" name="verifyCopyingOfTextEnteredIntoPasswordField" finished-at="2025-08-07T17:00:19 IST" duration-ms="145" status="PASS">
          <reporter-output>
          </reporter-output>
        </test-method> <!-- verifyCopyingOfTextEnteredIntoPasswordField -->
        <test-method is-config="true" signature="teardown()[pri:0, instance:tutorialsninja.tests.Login@5e0e82ae]" started-at="2025-08-07T17:00:19 IST" name="teardown" finished-at="2025-08-07T17:00:19 IST" duration-ms="684" status="PASS">
          <reporter-output>
          </reporter-output>
        </test-method> <!-- teardown -->
        <test-method is-config="true" signature="setup()[pri:0, instance:tutorialsninja.tests.Login@5e0e82ae]" started-at="2025-08-07T17:00:19 IST" name="setup" finished-at="2025-08-07T17:00:24 IST" duration-ms="4492" status="PASS">
          <reporter-output>
          </reporter-output>
        </test-method> <!-- setup -->
        <test-method signature="verifyPasswordIsStoredInHTMLCodeOfThePage()[pri:15, instance:tutorialsninja.tests.Login@5e0e82ae]" started-at="2025-08-07T17:00:24 IST" name="verifyPasswordIsStoredInHTMLCodeOfThePage" finished-at="2025-08-07T17:00:24 IST" duration-ms="295" status="PASS">
          <reporter-output>
          </reporter-output>
        </test-method> <!-- verifyPasswordIsStoredInHTMLCodeOfThePage -->
        <test-method is-config="true" signature="teardown()[pri:0, instance:tutorialsninja.tests.Login@5e0e82ae]" started-at="2025-08-07T17:00:24 IST" name="teardown" finished-at="2025-08-07T17:00:25 IST" duration-ms="664" status="PASS">
          <reporter-output>
          </reporter-output>
        </test-method> <!-- teardown -->
        <test-method is-config="true" signature="setup()[pri:0, instance:tutorialsninja.tests.Login@5e0e82ae]" started-at="2025-08-07T17:00:25 IST" name="setup" finished-at="2025-08-07T17:00:30 IST" duration-ms="4784" status="PASS">
          <reporter-output>
          </reporter-output>
        </test-method> <!-- setup -->
        <test-method signature="verifyLoggingIntoApplicationAfterChaningPassword()[pri:16, instance:tutorialsninja.tests.Login@5e0e82ae]" started-at="2025-08-07T17:00:30 IST" name="verifyLoggingIntoApplicationAfterChaningPassword" finished-at="2025-08-07T17:00:39 IST" duration-ms="9745" status="PASS">
          <reporter-output>
          </reporter-output>
        </test-method> <!-- verifyLoggingIntoApplicationAfterChaningPassword -->
        <test-method is-config="true" signature="teardown()[pri:0, instance:tutorialsninja.tests.Login@5e0e82ae]" started-at="2025-08-07T17:00:39 IST" name="teardown" finished-at="2025-08-07T17:00:40 IST" duration-ms="568" status="PASS">
          <reporter-output>
          </reporter-output>
        </test-method> <!-- teardown -->
        <test-method is-config="true" signature="setup()[pri:0, instance:tutorialsninja.tests.Login@5e0e82ae]" started-at="2025-08-07T17:00:40 IST" name="setup" finished-at="2025-08-07T17:00:45 IST" duration-ms="4989" status="PASS">
          <reporter-output>
          </reporter-output>
        </test-method> <!-- setup -->
        <test-method signature="verifyNavigatingToDifferentPageFromLoginPage()[pri:17, instance:tutorialsninja.tests.Login@5e0e82ae]" started-at="2025-08-07T17:00:45 IST" name="verifyNavigatingToDifferentPageFromLoginPage" finished-at="2025-08-07T17:01:25 IST" duration-ms="39926" status="PASS">
          <reporter-output>
          </reporter-output>
        </test-method> <!-- verifyNavigatingToDifferentPageFromLoginPage -->
        <test-method is-config="true" signature="teardown()[pri:0, instance:tutorialsninja.tests.Login@5e0e82ae]" started-at="2025-08-07T17:01:25 IST" name="teardown" finished-at="2025-08-07T17:01:25 IST" duration-ms="591" status="PASS">
          <reporter-output>
          </reporter-output>
        </test-method> <!-- teardown -->
        <test-method is-config="true" signature="setup()[pri:0, instance:tutorialsninja.tests.Login@5e0e82ae]" started-at="2025-08-07T17:01:25 IST" name="setup" finished-at="2025-08-07T17:01:30 IST" duration-ms="4718" status="PASS">
          <reporter-output>
          </reporter-output>
        </test-method> <!-- setup -->
        <test-method signature="verifyDifferentWayOfNavigatingToLoginPage()[pri:18, instance:tutorialsninja.tests.Login@5e0e82ae]" started-at="2025-08-07T17:01:30 IST" name="verifyDifferentWayOfNavigatingToLoginPage" finished-at="2025-08-07T17:01:35 IST" duration-ms="4387" status="PASS">
          <reporter-output>
          </reporter-output>
        </test-method> <!-- verifyDifferentWayOfNavigatingToLoginPage -->
        <test-method is-config="true" signature="teardown()[pri:0, instance:tutorialsninja.tests.Login@5e0e82ae]" started-at="2025-08-07T17:01:35 IST" name="teardown" finished-at="2025-08-07T17:01:35 IST" duration-ms="677" status="PASS">
          <reporter-output>
          </reporter-output>
        </test-method> <!-- teardown -->
        <test-method is-config="true" signature="setup()[pri:0, instance:tutorialsninja.tests.Login@5e0e82ae]" started-at="2025-08-07T17:01:35 IST" name="setup" finished-at="2025-08-07T17:01:40 IST" duration-ms="4670" status="PASS">
          <reporter-output>
          </reporter-output>
        </test-method> <!-- setup -->
        <test-method signature="verifyBreadcrumbPageHeadingTitleAndPageURLOfLoginPage()[pri:19, instance:tutorialsninja.tests.Login@5e0e82ae]" started-at="2025-08-07T17:01:40 IST" name="verifyBreadcrumbPageHeadingTitleAndPageURLOfLoginPage" finished-at="2025-08-07T17:01:40 IST" duration-ms="142" status="PASS">
          <reporter-output>
          </reporter-output>
        </test-method> <!-- verifyBreadcrumbPageHeadingTitleAndPageURLOfLoginPage -->
        <test-method is-config="true" signature="teardown()[pri:0, instance:tutorialsninja.tests.Login@5e0e82ae]" started-at="2025-08-07T17:01:40 IST" name="teardown" finished-at="2025-08-07T17:01:41 IST" duration-ms="795" status="PASS">
          <reporter-output>
          </reporter-output>
        </test-method> <!-- teardown -->
        <test-method is-config="true" signature="setup()[pri:0, instance:tutorialsninja.tests.Login@5e0e82ae]" started-at="2025-08-07T17:01:41 IST" name="setup" finished-at="2025-08-07T17:01:46 IST" duration-ms="4705" status="PASS">
          <reporter-output>
          </reporter-output>
        </test-method> <!-- setup -->
        <test-method signature="verifyUIOfLoginPage()[pri:20, instance:tutorialsninja.tests.Login@5e0e82ae]" started-at="2025-08-07T17:01:46 IST" name="verifyUIOfLoginPage" finished-at="2025-08-07T17:01:48 IST" duration-ms="1998" status="PASS">
          <reporter-output>
          </reporter-output>
        </test-method> <!-- verifyUIOfLoginPage -->
        <test-method is-config="true" signature="teardown()[pri:0, instance:tutorialsninja.tests.Login@5e0e82ae]" started-at="2025-08-07T17:01:48 IST" name="teardown" finished-at="2025-08-07T17:01:48 IST" duration-ms="662" status="PASS">
          <reporter-output>
          </reporter-output>
        </test-method> <!-- teardown -->
        <test-method is-config="true" signature="setup()[pri:0, instance:tutorialsninja.tests.Login@5e0e82ae]" started-at="2025-08-07T17:01:48 IST" name="setup" finished-at="2025-08-07T17:01:53 IST" duration-ms="4685" status="PASS">
          <reporter-output>
          </reporter-output>
        </test-method> <!-- setup -->
        <test-method signature="verifyLoginFunctionalityInAllEnvioronments()[pri:21, instance:tutorialsninja.tests.Login@5e0e82ae]" started-at="2025-08-07T17:01:53 IST" name="verifyLoginFunctionalityInAllEnvioronments" finished-at="2025-08-07T17:01:55 IST" duration-ms="1661" status="PASS">
          <reporter-output>
          </reporter-output>
        </test-method> <!-- verifyLoginFunctionalityInAllEnvioronments -->
        <test-method is-config="true" signature="teardown()[pri:0, instance:tutorialsninja.tests.Login@5e0e82ae]" started-at="2025-08-07T17:01:55 IST" name="teardown" finished-at="2025-08-07T17:01:55 IST" duration-ms="680" status="PASS">
          <reporter-output>
          </reporter-output>
        </test-method> <!-- teardown -->
        <test-method is-config="true" signature="tearDownReport()[pri:0, instance:tutorialsninja.tests.Login@5e0e82ae]" started-at="2025-08-07T17:01:56 IST" name="tearDownReport" finished-at="2025-08-07T17:01:56 IST" duration-ms="120" status="PASS">
          <reporter-output>
          </reporter-output>
        </test-method> <!-- tearDownReport -->
      </class> <!-- tutorialsninja.tests.Login -->
      <class name="tutorialsninja.tests.Register">
        <test-method is-config="true" signature="setupReport()[pri:0, instance:tutorialsninja.tests.Register@515c6049]" started-at="2025-08-07T16:51:08 IST" name="setupReport" finished-at="2025-08-07T16:51:08 IST" duration-ms="1" status="PASS">
          <reporter-output>
          </reporter-output>
        </test-method> <!-- setupReport -->
        <test-method is-config="true" signature="setup()[pri:0, instance:tutorialsninja.tests.Register@515c6049]" started-at="2025-08-07T16:51:08 IST" name="setup" finished-at="2025-08-07T16:51:14 IST" duration-ms="6035" status="PASS">
          <reporter-output>
          </reporter-output>
        </test-method> <!-- setup -->
        <test-method signature="verifyRegisteringWithMandatoryFeild()[pri:1, instance:tutorialsninja.tests.Register@515c6049]" started-at="2025-08-07T16:51:14 IST" name="verifyRegisteringWithMandatoryFeild" finished-at="2025-08-07T16:51:18 IST" duration-ms="3256" status="PASS">
          <reporter-output>
          </reporter-output>
        </test-method> <!-- verifyRegisteringWithMandatoryFeild -->
        <test-method is-config="true" signature="teardown()[pri:0, instance:tutorialsninja.tests.Register@515c6049]" started-at="2025-08-07T16:51:18 IST" name="teardown" finished-at="2025-08-07T16:51:18 IST" duration-ms="667" status="PASS">
          <reporter-output>
          </reporter-output>
        </test-method> <!-- teardown -->
        <test-method is-config="true" signature="setup()[pri:0, instance:tutorialsninja.tests.Register@515c6049]" started-at="2025-08-07T16:51:18 IST" name="setup" finished-at="2025-08-07T16:51:23 IST" duration-ms="4935" status="PASS">
          <reporter-output>
          </reporter-output>
        </test-method> <!-- setup -->
        <test-method signature="verifyRegisteringWithAllFeild()[pri:2, instance:tutorialsninja.tests.Register@515c6049]" started-at="2025-08-07T16:51:23 IST" name="verifyRegisteringWithAllFeild" finished-at="2025-08-07T16:51:27 IST" duration-ms="3679" status="PASS">
          <reporter-output>
          </reporter-output>
        </test-method> <!-- verifyRegisteringWithAllFeild -->
        <test-method is-config="true" signature="teardown()[pri:0, instance:tutorialsninja.tests.Register@515c6049]" started-at="2025-08-07T16:51:27 IST" name="teardown" finished-at="2025-08-07T16:51:28 IST" duration-ms="678" status="PASS">
          <reporter-output>
          </reporter-output>
        </test-method> <!-- teardown -->
        <test-method is-config="true" signature="setup()[pri:0, instance:tutorialsninja.tests.Register@515c6049]" started-at="2025-08-07T16:51:28 IST" name="setup" finished-at="2025-08-07T16:51:33 IST" duration-ms="5675" status="PASS">
          <reporter-output>
          </reporter-output>
        </test-method> <!-- setup -->
        <test-method signature="verifyResigteringAccountWithoutFillFields()[pri:3, instance:tutorialsninja.tests.Register@515c6049]" started-at="2025-08-07T16:51:33 IST" name="verifyResigteringAccountWithoutFillFields" finished-at="2025-08-07T16:51:34 IST" duration-ms="1181" status="PASS">
          <reporter-output>
          </reporter-output>
        </test-method> <!-- verifyResigteringAccountWithoutFillFields -->
        <test-method is-config="true" signature="teardown()[pri:0, instance:tutorialsninja.tests.Register@515c6049]" started-at="2025-08-07T16:51:34 IST" name="teardown" finished-at="2025-08-07T16:51:35 IST" duration-ms="756" status="PASS">
          <reporter-output>
          </reporter-output>
        </test-method> <!-- teardown -->
        <test-method is-config="true" signature="setup()[pri:0, instance:tutorialsninja.tests.Register@515c6049]" started-at="2025-08-07T16:51:35 IST" name="setup" finished-at="2025-08-07T16:51:40 IST" duration-ms="4654" status="PASS">
          <reporter-output>
          </reporter-output>
        </test-method> <!-- setup -->
        <test-method signature="verifyRegisteringAccountBySubscribingToNewsletter()[pri:4, instance:tutorialsninja.tests.Register@515c6049]" started-at="2025-08-07T16:51:40 IST" name="verifyRegisteringAccountBySubscribingToNewsletter" finished-at="2025-08-07T16:51:44 IST" duration-ms="4079" status="PASS">
          <reporter-output>
          </reporter-output>
        </test-method> <!-- verifyRegisteringAccountBySubscribingToNewsletter -->
        <test-method is-config="true" signature="teardown()[pri:0, instance:tutorialsninja.tests.Register@515c6049]" started-at="2025-08-07T16:51:44 IST" name="teardown" finished-at="2025-08-07T16:51:45 IST" duration-ms="681" status="PASS">
          <reporter-output>
          </reporter-output>
        </test-method> <!-- teardown -->
        <test-method is-config="true" signature="setup()[pri:0, instance:tutorialsninja.tests.Register@515c6049]" started-at="2025-08-07T16:51:45 IST" name="setup" finished-at="2025-08-07T16:51:51 IST" duration-ms="6546" status="PASS">
          <reporter-output>
          </reporter-output>
        </test-method> <!-- setup -->
        <test-method signature="verifyRegisteringAccountBySayingNoToNewsletter()[pri:5, instance:tutorialsninja.tests.Register@515c6049]" started-at="2025-08-07T16:51:51 IST" name="verifyRegisteringAccountBySayingNoToNewsletter" finished-at="2025-08-07T16:51:56 IST" duration-ms="4529" status="PASS">
          <reporter-output>
          </reporter-output>
        </test-method> <!-- verifyRegisteringAccountBySayingNoToNewsletter -->
        <test-method is-config="true" signature="teardown()[pri:0, instance:tutorialsninja.tests.Register@515c6049]" started-at="2025-08-07T16:51:56 IST" name="teardown" finished-at="2025-08-07T16:51:57 IST" duration-ms="882" status="PASS">
          <reporter-output>
          </reporter-output>
        </test-method> <!-- teardown -->
        <test-method is-config="true" signature="setup()[pri:0, instance:tutorialsninja.tests.Register@515c6049]" started-at="2025-08-07T16:51:57 IST" name="setup" finished-at="2025-08-07T16:52:02 IST" duration-ms="5124" status="PASS">
          <reporter-output>
          </reporter-output>
        </test-method> <!-- setup -->
        <test-method signature="verifyNavigatingToRegisterAccountUsingMultipleWay()[pri:6, instance:tutorialsninja.tests.Register@515c6049]" started-at="2025-08-07T16:52:02 IST" name="verifyNavigatingToRegisterAccountUsingMultipleWay" finished-at="2025-08-07T16:52:05 IST" duration-ms="3074" status="PASS">
          <reporter-output>
          </reporter-output>
        </test-method> <!-- verifyNavigatingToRegisterAccountUsingMultipleWay -->
        <test-method is-config="true" signature="teardown()[pri:0, instance:tutorialsninja.tests.Register@515c6049]" started-at="2025-08-07T16:52:05 IST" name="teardown" finished-at="2025-08-07T16:52:05 IST" duration-ms="635" status="PASS">
          <reporter-output>
          </reporter-output>
        </test-method> <!-- teardown -->
        <test-method is-config="true" signature="setup()[pri:0, instance:tutorialsninja.tests.Register@515c6049]" started-at="2025-08-07T16:52:05 IST" name="setup" finished-at="2025-08-07T16:52:10 IST" duration-ms="4988" status="PASS">
          <reporter-output>
          </reporter-output>
        </test-method> <!-- setup -->
        <test-method signature="verifyRegisteringAccountByProvidingMismatchingPassword()[pri:7, instance:tutorialsninja.tests.Register@515c6049]" started-at="2025-08-07T16:52:10 IST" name="verifyRegisteringAccountByProvidingMismatchingPassword" finished-at="2025-08-07T16:52:12 IST" duration-ms="1949" status="PASS">
          <reporter-output>
          </reporter-output>
        </test-method> <!-- verifyRegisteringAccountByProvidingMismatchingPassword -->
        <test-method is-config="true" signature="teardown()[pri:0, instance:tutorialsninja.tests.Register@515c6049]" started-at="2025-08-07T16:52:12 IST" name="teardown" finished-at="2025-08-07T16:52:13 IST" duration-ms="641" status="PASS">
          <reporter-output>
          </reporter-output>
        </test-method> <!-- teardown -->
        <test-method is-config="true" signature="setup()[pri:0, instance:tutorialsninja.tests.Register@515c6049]" started-at="2025-08-07T16:52:13 IST" name="setup" finished-at="2025-08-07T16:52:19 IST" duration-ms="5484" status="PASS">
          <reporter-output>
          </reporter-output>
        </test-method> <!-- setup -->
        <test-method signature="verifyRegisteringAccountUsingExistingEmail()[pri:8, instance:tutorialsninja.tests.Register@515c6049]" started-at="2025-08-07T16:52:19 IST" name="verifyRegisteringAccountUsingExistingEmail" finished-at="2025-08-07T16:52:21 IST" duration-ms="2050" status="PASS">
          <reporter-output>
          </reporter-output>
        </test-method> <!-- verifyRegisteringAccountUsingExistingEmail -->
        <test-method is-config="true" signature="teardown()[pri:0, instance:tutorialsninja.tests.Register@515c6049]" started-at="2025-08-07T16:52:21 IST" name="teardown" finished-at="2025-08-07T16:52:21 IST" duration-ms="743" status="PASS">
          <reporter-output>
          </reporter-output>
        </test-method> <!-- teardown -->
        <test-method is-config="true" signature="setup()[pri:0, instance:tutorialsninja.tests.Register@515c6049]" started-at="2025-08-07T16:52:21 IST" name="setup" finished-at="2025-08-07T16:52:27 IST" duration-ms="5606" status="PASS">
          <reporter-output>
          </reporter-output>
        </test-method> <!-- setup -->
        <test-method signature="verifyRegisteringAccountUsingInvalidEmail()[pri:9, instance:tutorialsninja.tests.Register@515c6049]" started-at="2025-08-07T16:52:27 IST" name="verifyRegisteringAccountUsingInvalidEmail" finished-at="2025-08-07T16:52:37 IST" duration-ms="10093" status="FAIL">
          <exception class="java.lang.AssertionError">
            <message>
              <![CDATA[expected [false] but found [true]]]>
            </message>
            <full-stacktrace>
              <![CDATA[java.lang.AssertionError: expected [false] but found [true]
at org.testng.Assert.fail(Assert.java:99)
at org.testng.Assert.failNotEquals(Assert.java:1037)
at org.testng.Assert.assertFalse(Assert.java:67)
at org.testng.Assert.assertFalse(Assert.java:77)
at tutorialsninja.tests.Register.verifyRegisteringAccountUsingInvalidEmail(Register.java:286)
at java.base/jdk.internal.reflect.DirectMethodHandleAccessor.invoke(DirectMethodHandleAccessor.java:103)
at java.base/java.lang.reflect.Method.invoke(Method.java:580)
at org.testng.internal.MethodInvocationHelper.invokeMethod(MethodInvocationHelper.java:133)
at org.testng.internal.TestInvoker.invokeMethod(TestInvoker.java:598)
at org.testng.internal.TestInvoker.invokeTestMethod(TestInvoker.java:173)
at org.testng.internal.MethodRunner.runInSequence(MethodRunner.java:46)
at org.testng.internal.TestInvoker$MethodInvocationAgent.invoke(TestInvoker.java:824)
at org.testng.internal.TestInvoker.invokeTestMethods(TestInvoker.java:146)
at org.testng.internal.TestMethodWorker.invokeTestMethods(TestMethodWorker.java:146)
at org.testng.internal.TestMethodWorker.run(TestMethodWorker.java:128)
at java.base/java.util.ArrayList.forEach(ArrayList.java:1597)
at org.testng.TestRunner.privateRun(TestRunner.java:794)
at org.testng.TestRunner.run(TestRunner.java:596)
at org.testng.SuiteRunner.runTest(SuiteRunner.java:377)
at org.testng.SuiteRunner.runSequentially(SuiteRunner.java:371)
at org.testng.SuiteRunner.privateRun(SuiteRunner.java:332)
at org.testng.SuiteRunner.run(SuiteRunner.java:276)
at org.testng.SuiteRunnerWorker.runSuite(SuiteRunnerWorker.java:53)
at org.testng.SuiteRunnerWorker.run(SuiteRunnerWorker.java:96)
at org.testng.TestNG.runSuitesSequentially(TestNG.java:1212)
at org.testng.TestNG.runSuitesLocally(TestNG.java:1134)
at org.testng.TestNG.runSuites(TestNG.java:1063)
at org.testng.TestNG.run(TestNG.java:1031)
at org.testng.remote.AbstractRemoteTestNG.run(AbstractRemoteTestNG.java:115)
at org.testng.remote.RemoteTestNG.initAndRun(RemoteTestNG.java:293)
at org.testng.remote.RemoteTestNG.main(RemoteTestNG.java:91)
]]>
            </full-stacktrace>
          </exception> <!-- java.lang.AssertionError -->
          <reporter-output>
          </reporter-output>
        </test-method> <!-- verifyRegisteringAccountUsingInvalidEmail -->
        <test-method is-config="true" signature="teardown()[pri:0, instance:tutorialsninja.tests.Register@515c6049]" started-at="2025-08-07T16:52:37 IST" name="teardown" finished-at="2025-08-07T16:52:38 IST" duration-ms="938" status="PASS">
          <reporter-output>
          </reporter-output>
        </test-method> <!-- teardown -->
        <test-method is-config="true" signature="setup()[pri:0, instance:tutorialsninja.tests.Register@515c6049]" started-at="2025-08-07T16:52:38 IST" name="setup" finished-at="2025-08-07T16:52:44 IST" duration-ms="5177" status="PASS">
          <reporter-output>
          </reporter-output>
        </test-method> <!-- setup -->
        <test-method signature="verifyRegisterAccountProvidingInvalidTelephoneNumber()[pri:10, instance:tutorialsninja.tests.Register@515c6049]" started-at="2025-08-07T16:52:44 IST" name="verifyRegisterAccountProvidingInvalidTelephoneNumber" finished-at="2025-08-07T16:52:49 IST" duration-ms="5569" status="FAIL">
          <exception class="java.lang.AssertionError">
            <message>
              <![CDATA[expected [true] but found [false]]]>
            </message>
            <full-stacktrace>
              <![CDATA[java.lang.AssertionError: expected [true] but found [false]
at org.testng.Assert.fail(Assert.java:99)
at org.testng.Assert.failNotEquals(Assert.java:1037)
at org.testng.Assert.assertTrue(Assert.java:45)
at org.testng.Assert.assertTrue(Assert.java:55)
at tutorialsninja.tests.Register.verifyRegisterAccountProvidingInvalidTelephoneNumber(Register.java:330)
at java.base/jdk.internal.reflect.DirectMethodHandleAccessor.invoke(DirectMethodHandleAccessor.java:103)
at java.base/java.lang.reflect.Method.invoke(Method.java:580)
at org.testng.internal.MethodInvocationHelper.invokeMethod(MethodInvocationHelper.java:133)
at org.testng.internal.TestInvoker.invokeMethod(TestInvoker.java:598)
at org.testng.internal.TestInvoker.invokeTestMethod(TestInvoker.java:173)
at org.testng.internal.MethodRunner.runInSequence(MethodRunner.java:46)
at org.testng.internal.TestInvoker$MethodInvocationAgent.invoke(TestInvoker.java:824)
at org.testng.internal.TestInvoker.invokeTestMethods(TestInvoker.java:146)
at org.testng.internal.TestMethodWorker.invokeTestMethods(TestMethodWorker.java:146)
at org.testng.internal.TestMethodWorker.run(TestMethodWorker.java:128)
at java.base/java.util.ArrayList.forEach(ArrayList.java:1597)
at org.testng.TestRunner.privateRun(TestRunner.java:794)
at org.testng.TestRunner.run(TestRunner.java:596)
at org.testng.SuiteRunner.runTest(SuiteRunner.java:377)
at org.testng.SuiteRunner.runSequentially(SuiteRunner.java:371)
at org.testng.SuiteRunner.privateRun(SuiteRunner.java:332)
at org.testng.SuiteRunner.run(SuiteRunner.java:276)
at org.testng.SuiteRunnerWorker.runSuite(SuiteRunnerWorker.java:53)
at org.testng.SuiteRunnerWorker.run(SuiteRunnerWorker.java:96)
at org.testng.TestNG.runSuitesSequentially(TestNG.java:1212)
at org.testng.TestNG.runSuitesLocally(TestNG.java:1134)
at org.testng.TestNG.runSuites(TestNG.java:1063)
at org.testng.TestNG.run(TestNG.java:1031)
at org.testng.remote.AbstractRemoteTestNG.run(AbstractRemoteTestNG.java:115)
at org.testng.remote.RemoteTestNG.initAndRun(RemoteTestNG.java:293)
at org.testng.remote.RemoteTestNG.main(RemoteTestNG.java:91)
]]>
            </full-stacktrace>
          </exception> <!-- java.lang.AssertionError -->
          <reporter-output>
          </reporter-output>
        </test-method> <!-- verifyRegisterAccountProvidingInvalidTelephoneNumber -->
        <test-method is-config="true" signature="teardown()[pri:0, instance:tutorialsninja.tests.Register@515c6049]" started-at="2025-08-07T16:52:50 IST" name="teardown" finished-at="2025-08-07T16:52:51 IST" duration-ms="721" status="PASS">
          <reporter-output>
          </reporter-output>
        </test-method> <!-- teardown -->
        <test-method is-config="true" signature="setup()[pri:0, instance:tutorialsninja.tests.Register@515c6049]" started-at="2025-08-07T16:52:51 IST" name="setup" finished-at="2025-08-07T16:52:56 IST" duration-ms="5279" status="PASS">
          <reporter-output>
          </reporter-output>
        </test-method> <!-- setup -->
        <test-method signature="verifyRegisterAccountUsingKeyboardKeys()[pri:11, instance:tutorialsninja.tests.Register@515c6049]" started-at="2025-08-07T16:52:56 IST" name="verifyRegisterAccountUsingKeyboardKeys" finished-at="2025-08-07T16:53:18 IST" duration-ms="21533" status="PASS">
          <reporter-output>
          </reporter-output>
        </test-method> <!-- verifyRegisterAccountUsingKeyboardKeys -->
        <test-method is-config="true" signature="teardown()[pri:0, instance:tutorialsninja.tests.Register@515c6049]" started-at="2025-08-07T16:53:18 IST" name="teardown" finished-at="2025-08-07T16:53:18 IST" duration-ms="693" status="PASS">
          <reporter-output>
          </reporter-output>
        </test-method> <!-- teardown -->
        <test-method is-config="true" signature="setup()[pri:0, instance:tutorialsninja.tests.Register@515c6049]" started-at="2025-08-07T16:53:18 IST" name="setup" finished-at="2025-08-07T16:53:23 IST" duration-ms="4776" status="PASS">
          <reporter-output>
          </reporter-output>
        </test-method> <!-- setup -->
        <test-method signature="verifyPlaceHoldersofTextFieldsInRegisterAccountPage()[pri:12, instance:tutorialsninja.tests.Register@515c6049]" started-at="2025-08-07T16:53:23 IST" name="verifyPlaceHoldersofTextFieldsInRegisterAccountPage" finished-at="2025-08-07T16:53:23 IST" duration-ms="180" status="PASS">
          <reporter-output>
          </reporter-output>
        </test-method> <!-- verifyPlaceHoldersofTextFieldsInRegisterAccountPage -->
        <test-method is-config="true" signature="teardown()[pri:0, instance:tutorialsninja.tests.Register@515c6049]" started-at="2025-08-07T16:53:23 IST" name="teardown" finished-at="2025-08-07T16:53:24 IST" duration-ms="677" status="PASS">
          <reporter-output>
          </reporter-output>
        </test-method> <!-- teardown -->
        <test-method is-config="true" signature="setup()[pri:0, instance:tutorialsninja.tests.Register@515c6049]" started-at="2025-08-07T16:53:24 IST" name="setup" finished-at="2025-08-07T16:53:29 IST" duration-ms="5433" status="PASS">
          <reporter-output>
          </reporter-output>
        </test-method> <!-- setup -->
        <test-method signature="verifyMandatoryFeildsSymbolAndColorInRegisterAccountPage()[pri:13, instance:tutorialsninja.tests.Register@515c6049]" started-at="2025-08-07T16:53:29 IST" name="verifyMandatoryFeildsSymbolAndColorInRegisterAccountPage" finished-at="2025-08-07T16:53:30 IST" duration-ms="310" status="PASS">
          <reporter-output>
          </reporter-output>
        </test-method> <!-- verifyMandatoryFeildsSymbolAndColorInRegisterAccountPage -->
        <test-method is-config="true" signature="teardown()[pri:0, instance:tutorialsninja.tests.Register@515c6049]" started-at="2025-08-07T16:53:30 IST" name="teardown" finished-at="2025-08-07T16:53:30 IST" duration-ms="629" status="PASS">
          <reporter-output>
          </reporter-output>
        </test-method> <!-- teardown -->
        <test-method is-config="true" signature="setup()[pri:0, instance:tutorialsninja.tests.Register@515c6049]" started-at="2025-08-07T16:53:30 IST" name="setup" finished-at="2025-08-07T16:53:36 IST" duration-ms="5369" status="PASS">
          <reporter-output>
          </reporter-output>
        </test-method> <!-- setup -->
        <test-method signature="verifyRegisteringAccountWithOnlySpaces()[pri:14, instance:tutorialsninja.tests.Register@515c6049]" started-at="2025-08-07T16:53:36 IST" name="verifyRegisteringAccountWithOnlySpaces" finished-at="2025-08-07T16:53:38 IST" duration-ms="2075" status="PASS">
          <reporter-output>
          </reporter-output>
        </test-method> <!-- verifyRegisteringAccountWithOnlySpaces -->
        <test-method is-config="true" signature="teardown()[pri:0, instance:tutorialsninja.tests.Register@515c6049]" started-at="2025-08-07T16:53:38 IST" name="teardown" finished-at="2025-08-07T16:53:38 IST" duration-ms="661" status="PASS">
          <reporter-output>
          </reporter-output>
        </test-method> <!-- teardown -->
        <test-method is-config="true" signature="setup()[pri:0, instance:tutorialsninja.tests.Register@515c6049]" started-at="2025-08-07T16:53:39 IST" name="setup" finished-at="2025-08-07T16:53:44 IST" duration-ms="5089" status="PASS">
          <reporter-output>
          </reporter-output>
        </test-method> <!-- setup -->
        <test-method signature="verifyRegistringAccountAndCheckingPasswordComplexityStanderds(java.util.HashMap)[pri:15, instance:tutorialsninja.tests.Register@515c6049]" started-at="2025-08-07T16:53:44 IST" name="verifyRegistringAccountAndCheckingPasswordComplexityStanderds" data-provider="passwordSupplier" finished-at="2025-08-07T16:53:53 IST" duration-ms="8519" status="FAIL">
          <params>
            <param index="0">
              <value>
                <![CDATA[{Passwords=12345.0}]]>
              </value>
            </param>
          </params>
          <exception class="java.lang.AssertionError">
            <message>
              <![CDATA[expected [true] but found [false]]]>
            </message>
            <full-stacktrace>
              <![CDATA[java.lang.AssertionError: expected [true] but found [false]
at org.testng.Assert.fail(Assert.java:99)
at org.testng.Assert.failNotEquals(Assert.java:1037)
at org.testng.Assert.assertTrue(Assert.java:45)
at org.testng.Assert.assertTrue(Assert.java:55)
at tutorialsninja.tests.Register.verifyRegistringAccountAndCheckingPasswordComplexityStanderds(Register.java:444)
at java.base/jdk.internal.reflect.DirectMethodHandleAccessor.invoke(DirectMethodHandleAccessor.java:103)
at java.base/java.lang.reflect.Method.invoke(Method.java:580)
at org.testng.internal.MethodInvocationHelper.invokeMethod(MethodInvocationHelper.java:133)
at org.testng.internal.TestInvoker.invokeMethod(TestInvoker.java:598)
at org.testng.internal.TestInvoker.invokeTestMethod(TestInvoker.java:173)
at org.testng.internal.MethodRunner.runInSequence(MethodRunner.java:46)
at org.testng.internal.TestInvoker$MethodInvocationAgent.invoke(TestInvoker.java:824)
at org.testng.internal.TestInvoker.invokeTestMethods(TestInvoker.java:146)
at org.testng.internal.TestMethodWorker.invokeTestMethods(TestMethodWorker.java:146)
at org.testng.internal.TestMethodWorker.run(TestMethodWorker.java:128)
at java.base/java.util.ArrayList.forEach(ArrayList.java:1597)
at org.testng.TestRunner.privateRun(TestRunner.java:794)
at org.testng.TestRunner.run(TestRunner.java:596)
at org.testng.SuiteRunner.runTest(SuiteRunner.java:377)
at org.testng.SuiteRunner.runSequentially(SuiteRunner.java:371)
at org.testng.SuiteRunner.privateRun(SuiteRunner.java:332)
at org.testng.SuiteRunner.run(SuiteRunner.java:276)
at org.testng.SuiteRunnerWorker.runSuite(SuiteRunnerWorker.java:53)
at org.testng.SuiteRunnerWorker.run(SuiteRunnerWorker.java:96)
at org.testng.TestNG.runSuitesSequentially(TestNG.java:1212)
at org.testng.TestNG.runSuitesLocally(TestNG.java:1134)
at org.testng.TestNG.runSuites(TestNG.java:1063)
at org.testng.TestNG.run(TestNG.java:1031)
at org.testng.remote.AbstractRemoteTestNG.run(AbstractRemoteTestNG.java:115)
at org.testng.remote.RemoteTestNG.initAndRun(RemoteTestNG.java:293)
at org.testng.remote.RemoteTestNG.main(RemoteTestNG.java:91)
]]>
            </full-stacktrace>
          </exception> <!-- java.lang.AssertionError -->
          <reporter-output>
          </reporter-output>
        </test-method> <!-- verifyRegistringAccountAndCheckingPasswordComplexityStanderds -->
        <test-method is-config="true" signature="teardown()[pri:0, instance:tutorialsninja.tests.Register@515c6049]" started-at="2025-08-07T16:53:55 IST" name="teardown" finished-at="2025-08-07T16:53:55 IST" duration-ms="731" status="PASS">
          <reporter-output>
          </reporter-output>
        </test-method> <!-- teardown -->
        <test-method is-config="true" signature="setup()[pri:0, instance:tutorialsninja.tests.Register@515c6049]" started-at="2025-08-07T16:53:55 IST" name="setup" finished-at="2025-08-07T16:54:01 IST" duration-ms="5271" status="PASS">
          <reporter-output>
          </reporter-output>
        </test-method> <!-- setup -->
        <test-method signature="verifyRegistringAccountAndCheckingPasswordComplexityStanderds(java.util.HashMap)[pri:15, instance:tutorialsninja.tests.Register@515c6049]" started-at="2025-08-07T16:54:01 IST" name="verifyRegistringAccountAndCheckingPasswordComplexityStanderds" data-provider="passwordSupplier" finished-at="2025-08-07T16:54:09 IST" duration-ms="8697" status="FAIL">
          <params>
            <param index="0">
              <value>
                <![CDATA[{Passwords=abcdefghi}]]>
              </value>
            </param>
          </params>
          <exception class="java.lang.AssertionError">
            <message>
              <![CDATA[expected [true] but found [false]]]>
            </message>
            <full-stacktrace>
              <![CDATA[java.lang.AssertionError: expected [true] but found [false]
at org.testng.Assert.fail(Assert.java:99)
at org.testng.Assert.failNotEquals(Assert.java:1037)
at org.testng.Assert.assertTrue(Assert.java:45)
at org.testng.Assert.assertTrue(Assert.java:55)
at tutorialsninja.tests.Register.verifyRegistringAccountAndCheckingPasswordComplexityStanderds(Register.java:444)
at java.base/jdk.internal.reflect.DirectMethodHandleAccessor.invoke(DirectMethodHandleAccessor.java:103)
at java.base/java.lang.reflect.Method.invoke(Method.java:580)
at org.testng.internal.MethodInvocationHelper.invokeMethod(MethodInvocationHelper.java:133)
at org.testng.internal.TestInvoker.invokeMethod(TestInvoker.java:598)
at org.testng.internal.TestInvoker.invokeTestMethod(TestInvoker.java:173)
at org.testng.internal.MethodRunner.runInSequence(MethodRunner.java:46)
at org.testng.internal.TestInvoker$MethodInvocationAgent.invoke(TestInvoker.java:824)
at org.testng.internal.TestInvoker.invokeTestMethods(TestInvoker.java:146)
at org.testng.internal.TestMethodWorker.invokeTestMethods(TestMethodWorker.java:146)
at org.testng.internal.TestMethodWorker.run(TestMethodWorker.java:128)
at java.base/java.util.ArrayList.forEach(ArrayList.java:1597)
at org.testng.TestRunner.privateRun(TestRunner.java:794)
at org.testng.TestRunner.run(TestRunner.java:596)
at org.testng.SuiteRunner.runTest(SuiteRunner.java:377)
at org.testng.SuiteRunner.runSequentially(SuiteRunner.java:371)
at org.testng.SuiteRunner.privateRun(SuiteRunner.java:332)
at org.testng.SuiteRunner.run(SuiteRunner.java:276)
at org.testng.SuiteRunnerWorker.runSuite(SuiteRunnerWorker.java:53)
at org.testng.SuiteRunnerWorker.run(SuiteRunnerWorker.java:96)
at org.testng.TestNG.runSuitesSequentially(TestNG.java:1212)
at org.testng.TestNG.runSuitesLocally(TestNG.java:1134)
at org.testng.TestNG.runSuites(TestNG.java:1063)
at org.testng.TestNG.run(TestNG.java:1031)
at org.testng.remote.AbstractRemoteTestNG.run(AbstractRemoteTestNG.java:115)
at org.testng.remote.RemoteTestNG.initAndRun(RemoteTestNG.java:293)
at org.testng.remote.RemoteTestNG.main(RemoteTestNG.java:91)
]]>
            </full-stacktrace>
          </exception> <!-- java.lang.AssertionError -->
          <reporter-output>
          </reporter-output>
        </test-method> <!-- verifyRegistringAccountAndCheckingPasswordComplexityStanderds -->
        <test-method is-config="true" signature="teardown()[pri:0, instance:tutorialsninja.tests.Register@515c6049]" started-at="2025-08-07T16:54:11 IST" name="teardown" finished-at="2025-08-07T16:54:12 IST" duration-ms="699" status="PASS">
          <reporter-output>
          </reporter-output>
        </test-method> <!-- teardown -->
        <test-method is-config="true" signature="setup()[pri:0, instance:tutorialsninja.tests.Register@515c6049]" started-at="2025-08-07T16:54:12 IST" name="setup" finished-at="2025-08-07T16:54:17 IST" duration-ms="5270" status="PASS">
          <reporter-output>
          </reporter-output>
        </test-method> <!-- setup -->
        <test-method signature="verifyRegistringAccountAndCheckingPasswordComplexityStanderds(java.util.HashMap)[pri:15, instance:tutorialsninja.tests.Register@515c6049]" started-at="2025-08-07T16:54:17 IST" name="verifyRegistringAccountAndCheckingPasswordComplexityStanderds" data-provider="passwordSupplier" finished-at="2025-08-07T16:54:26 IST" duration-ms="8649" status="FAIL">
          <params>
            <param index="0">
              <value>
                <![CDATA[{Passwords=abcd1234}]]>
              </value>
            </param>
          </params>
          <exception class="java.lang.AssertionError">
            <message>
              <![CDATA[expected [true] but found [false]]]>
            </message>
            <full-stacktrace>
              <![CDATA[java.lang.AssertionError: expected [true] but found [false]
at org.testng.Assert.fail(Assert.java:99)
at org.testng.Assert.failNotEquals(Assert.java:1037)
at org.testng.Assert.assertTrue(Assert.java:45)
at org.testng.Assert.assertTrue(Assert.java:55)
at tutorialsninja.tests.Register.verifyRegistringAccountAndCheckingPasswordComplexityStanderds(Register.java:444)
at java.base/jdk.internal.reflect.DirectMethodHandleAccessor.invoke(DirectMethodHandleAccessor.java:103)
at java.base/java.lang.reflect.Method.invoke(Method.java:580)
at org.testng.internal.MethodInvocationHelper.invokeMethod(MethodInvocationHelper.java:133)
at org.testng.internal.TestInvoker.invokeMethod(TestInvoker.java:598)
at org.testng.internal.TestInvoker.invokeTestMethod(TestInvoker.java:173)
at org.testng.internal.MethodRunner.runInSequence(MethodRunner.java:46)
at org.testng.internal.TestInvoker$MethodInvocationAgent.invoke(TestInvoker.java:824)
at org.testng.internal.TestInvoker.invokeTestMethods(TestInvoker.java:146)
at org.testng.internal.TestMethodWorker.invokeTestMethods(TestMethodWorker.java:146)
at org.testng.internal.TestMethodWorker.run(TestMethodWorker.java:128)
at java.base/java.util.ArrayList.forEach(ArrayList.java:1597)
at org.testng.TestRunner.privateRun(TestRunner.java:794)
at org.testng.TestRunner.run(TestRunner.java:596)
at org.testng.SuiteRunner.runTest(SuiteRunner.java:377)
at org.testng.SuiteRunner.runSequentially(SuiteRunner.java:371)
at org.testng.SuiteRunner.privateRun(SuiteRunner.java:332)
at org.testng.SuiteRunner.run(SuiteRunner.java:276)
at org.testng.SuiteRunnerWorker.runSuite(SuiteRunnerWorker.java:53)
at org.testng.SuiteRunnerWorker.run(SuiteRunnerWorker.java:96)
at org.testng.TestNG.runSuitesSequentially(TestNG.java:1212)
at org.testng.TestNG.runSuitesLocally(TestNG.java:1134)
at org.testng.TestNG.runSuites(TestNG.java:1063)
at org.testng.TestNG.run(TestNG.java:1031)
at org.testng.remote.AbstractRemoteTestNG.run(AbstractRemoteTestNG.java:115)
at org.testng.remote.RemoteTestNG.initAndRun(RemoteTestNG.java:293)
at org.testng.remote.RemoteTestNG.main(RemoteTestNG.java:91)
]]>
            </full-stacktrace>
          </exception> <!-- java.lang.AssertionError -->
          <reporter-output>
          </reporter-output>
        </test-method> <!-- verifyRegistringAccountAndCheckingPasswordComplexityStanderds -->
        <test-method is-config="true" signature="teardown()[pri:0, instance:tutorialsninja.tests.Register@515c6049]" started-at="2025-08-07T16:54:28 IST" name="teardown" finished-at="2025-08-07T16:54:28 IST" duration-ms="655" status="PASS">
          <reporter-output>
          </reporter-output>
        </test-method> <!-- teardown -->
        <test-method is-config="true" signature="setup()[pri:0, instance:tutorialsninja.tests.Register@515c6049]" started-at="2025-08-07T16:54:28 IST" name="setup" finished-at="2025-08-07T16:54:33 IST" duration-ms="5119" status="PASS">
          <reporter-output>
          </reporter-output>
        </test-method> <!-- setup -->
        <test-method signature="verifyRegistringAccountAndCheckingPasswordComplexityStanderds(java.util.HashMap)[pri:15, instance:tutorialsninja.tests.Register@515c6049]" started-at="2025-08-07T16:54:33 IST" name="verifyRegistringAccountAndCheckingPasswordComplexityStanderds" data-provider="passwordSupplier" finished-at="2025-08-07T16:54:41 IST" duration-ms="7339" status="FAIL">
          <params>
            <param index="0">
              <value>
                <![CDATA[{Passwords=abcd123$}]]>
              </value>
            </param>
          </params>
          <exception class="java.lang.AssertionError">
            <message>
              <![CDATA[expected [true] but found [false]]]>
            </message>
            <full-stacktrace>
              <![CDATA[java.lang.AssertionError: expected [true] but found [false]
at org.testng.Assert.fail(Assert.java:99)
at org.testng.Assert.failNotEquals(Assert.java:1037)
at org.testng.Assert.assertTrue(Assert.java:45)
at org.testng.Assert.assertTrue(Assert.java:55)
at tutorialsninja.tests.Register.verifyRegistringAccountAndCheckingPasswordComplexityStanderds(Register.java:444)
at java.base/jdk.internal.reflect.DirectMethodHandleAccessor.invoke(DirectMethodHandleAccessor.java:103)
at java.base/java.lang.reflect.Method.invoke(Method.java:580)
at org.testng.internal.MethodInvocationHelper.invokeMethod(MethodInvocationHelper.java:133)
at org.testng.internal.TestInvoker.invokeMethod(TestInvoker.java:598)
at org.testng.internal.TestInvoker.invokeTestMethod(TestInvoker.java:173)
at org.testng.internal.MethodRunner.runInSequence(MethodRunner.java:46)
at org.testng.internal.TestInvoker$MethodInvocationAgent.invoke(TestInvoker.java:824)
at org.testng.internal.TestInvoker.invokeTestMethods(TestInvoker.java:146)
at org.testng.internal.TestMethodWorker.invokeTestMethods(TestMethodWorker.java:146)
at org.testng.internal.TestMethodWorker.run(TestMethodWorker.java:128)
at java.base/java.util.ArrayList.forEach(ArrayList.java:1597)
at org.testng.TestRunner.privateRun(TestRunner.java:794)
at org.testng.TestRunner.run(TestRunner.java:596)
at org.testng.SuiteRunner.runTest(SuiteRunner.java:377)
at org.testng.SuiteRunner.runSequentially(SuiteRunner.java:371)
at org.testng.SuiteRunner.privateRun(SuiteRunner.java:332)
at org.testng.SuiteRunner.run(SuiteRunner.java:276)
at org.testng.SuiteRunnerWorker.runSuite(SuiteRunnerWorker.java:53)
at org.testng.SuiteRunnerWorker.run(SuiteRunnerWorker.java:96)
at org.testng.TestNG.runSuitesSequentially(TestNG.java:1212)
at org.testng.TestNG.runSuitesLocally(TestNG.java:1134)
at org.testng.TestNG.runSuites(TestNG.java:1063)
at org.testng.TestNG.run(TestNG.java:1031)
at org.testng.remote.AbstractRemoteTestNG.run(AbstractRemoteTestNG.java:115)
at org.testng.remote.RemoteTestNG.initAndRun(RemoteTestNG.java:293)
at org.testng.remote.RemoteTestNG.main(RemoteTestNG.java:91)
]]>
            </full-stacktrace>
          </exception> <!-- java.lang.AssertionError -->
          <reporter-output>
          </reporter-output>
        </test-method> <!-- verifyRegistringAccountAndCheckingPasswordComplexityStanderds -->
        <test-method is-config="true" signature="teardown()[pri:0, instance:tutorialsninja.tests.Register@515c6049]" started-at="2025-08-07T16:54:43 IST" name="teardown" finished-at="2025-08-07T16:54:43 IST" duration-ms="658" status="PASS">
          <reporter-output>
          </reporter-output>
        </test-method> <!-- teardown -->
        <test-method is-config="true" signature="setup()[pri:0, instance:tutorialsninja.tests.Register@515c6049]" started-at="2025-08-07T16:54:43 IST" name="setup" finished-at="2025-08-07T16:54:49 IST" duration-ms="5251" status="PASS">
          <reporter-output>
          </reporter-output>
        </test-method> <!-- setup -->
        <test-method signature="verifyRegistringAccountAndCheckingPasswordComplexityStanderds(java.util.HashMap)[pri:15, instance:tutorialsninja.tests.Register@515c6049]" started-at="2025-08-07T16:54:49 IST" name="verifyRegistringAccountAndCheckingPasswordComplexityStanderds" data-provider="passwordSupplier" finished-at="2025-08-07T16:54:57 IST" duration-ms="8447" status="FAIL">
          <params>
            <param index="0">
              <value>
                <![CDATA[{Passwords=ABCD456#}]]>
              </value>
            </param>
          </params>
          <exception class="java.lang.AssertionError">
            <message>
              <![CDATA[expected [true] but found [false]]]>
            </message>
            <full-stacktrace>
              <![CDATA[java.lang.AssertionError: expected [true] but found [false]
at org.testng.Assert.fail(Assert.java:99)
at org.testng.Assert.failNotEquals(Assert.java:1037)
at org.testng.Assert.assertTrue(Assert.java:45)
at org.testng.Assert.assertTrue(Assert.java:55)
at tutorialsninja.tests.Register.verifyRegistringAccountAndCheckingPasswordComplexityStanderds(Register.java:444)
at java.base/jdk.internal.reflect.DirectMethodHandleAccessor.invoke(DirectMethodHandleAccessor.java:103)
at java.base/java.lang.reflect.Method.invoke(Method.java:580)
at org.testng.internal.MethodInvocationHelper.invokeMethod(MethodInvocationHelper.java:133)
at org.testng.internal.TestInvoker.invokeMethod(TestInvoker.java:598)
at org.testng.internal.TestInvoker.invokeTestMethod(TestInvoker.java:173)
at org.testng.internal.MethodRunner.runInSequence(MethodRunner.java:46)
at org.testng.internal.TestInvoker$MethodInvocationAgent.invoke(TestInvoker.java:824)
at org.testng.internal.TestInvoker.invokeTestMethods(TestInvoker.java:146)
at org.testng.internal.TestMethodWorker.invokeTestMethods(TestMethodWorker.java:146)
at org.testng.internal.TestMethodWorker.run(TestMethodWorker.java:128)
at java.base/java.util.ArrayList.forEach(ArrayList.java:1597)
at org.testng.TestRunner.privateRun(TestRunner.java:794)
at org.testng.TestRunner.run(TestRunner.java:596)
at org.testng.SuiteRunner.runTest(SuiteRunner.java:377)
at org.testng.SuiteRunner.runSequentially(SuiteRunner.java:371)
at org.testng.SuiteRunner.privateRun(SuiteRunner.java:332)
at org.testng.SuiteRunner.run(SuiteRunner.java:276)
at org.testng.SuiteRunnerWorker.runSuite(SuiteRunnerWorker.java:53)
at org.testng.SuiteRunnerWorker.run(SuiteRunnerWorker.java:96)
at org.testng.TestNG.runSuitesSequentially(TestNG.java:1212)
at org.testng.TestNG.runSuitesLocally(TestNG.java:1134)
at org.testng.TestNG.runSuites(TestNG.java:1063)
at org.testng.TestNG.run(TestNG.java:1031)
at org.testng.remote.AbstractRemoteTestNG.run(AbstractRemoteTestNG.java:115)
at org.testng.remote.RemoteTestNG.initAndRun(RemoteTestNG.java:293)
at org.testng.remote.RemoteTestNG.main(RemoteTestNG.java:91)
]]>
            </full-stacktrace>
          </exception> <!-- java.lang.AssertionError -->
          <reporter-output>
          </reporter-output>
        </test-method> <!-- verifyRegistringAccountAndCheckingPasswordComplexityStanderds -->
        <test-method is-config="true" signature="teardown()[pri:0, instance:tutorialsninja.tests.Register@515c6049]" started-at="2025-08-07T16:54:59 IST" name="teardown" finished-at="2025-08-07T16:55:00 IST" duration-ms="670" status="PASS">
          <reporter-output>
          </reporter-output>
        </test-method> <!-- teardown -->
        <test-method is-config="true" signature="setup()[pri:0, instance:tutorialsninja.tests.Register@515c6049]" started-at="2025-08-07T16:55:00 IST" name="setup" finished-at="2025-08-07T16:55:06 IST" duration-ms="6052" status="PASS">
          <reporter-output>
          </reporter-output>
        </test-method> <!-- setup -->
        <test-method signature="verifyRegisteringAccountFieldsHeightWidthAligment()[pri:16, instance:tutorialsninja.tests.Register@515c6049]" started-at="2025-08-07T16:55:06 IST" name="verifyRegisteringAccountFieldsHeightWidthAligment" finished-at="2025-08-07T16:56:35 IST" duration-ms="89320" status="FAIL">
          <exception class="java.lang.AssertionError">
            <message>
              <![CDATA[expected [true] but found [false]]]>
            </message>
            <full-stacktrace>
              <![CDATA[java.lang.AssertionError: expected [true] but found [false]
at org.testng.Assert.fail(Assert.java:99)
at org.testng.Assert.failNotEquals(Assert.java:1037)
at org.testng.Assert.assertTrue(Assert.java:45)
at org.testng.Assert.assertTrue(Assert.java:55)
at tutorialsninja.tests.Register.verifyRegisteringAccountFieldsHeightWidthAligment(Register.java:682)
at java.base/jdk.internal.reflect.DirectMethodHandleAccessor.invoke(DirectMethodHandleAccessor.java:103)
at java.base/java.lang.reflect.Method.invoke(Method.java:580)
at org.testng.internal.MethodInvocationHelper.invokeMethod(MethodInvocationHelper.java:133)
at org.testng.internal.TestInvoker.invokeMethod(TestInvoker.java:598)
at org.testng.internal.TestInvoker.invokeTestMethod(TestInvoker.java:173)
at org.testng.internal.MethodRunner.runInSequence(MethodRunner.java:46)
at org.testng.internal.TestInvoker$MethodInvocationAgent.invoke(TestInvoker.java:824)
at org.testng.internal.TestInvoker.invokeTestMethods(TestInvoker.java:146)
at org.testng.internal.TestMethodWorker.invokeTestMethods(TestMethodWorker.java:146)
at org.testng.internal.TestMethodWorker.run(TestMethodWorker.java:128)
at java.base/java.util.ArrayList.forEach(ArrayList.java:1597)
at org.testng.TestRunner.privateRun(TestRunner.java:794)
at org.testng.TestRunner.run(TestRunner.java:596)
at org.testng.SuiteRunner.runTest(SuiteRunner.java:377)
at org.testng.SuiteRunner.runSequentially(SuiteRunner.java:371)
at org.testng.SuiteRunner.privateRun(SuiteRunner.java:332)
at org.testng.SuiteRunner.run(SuiteRunner.java:276)
at org.testng.SuiteRunnerWorker.runSuite(SuiteRunnerWorker.java:53)
at org.testng.SuiteRunnerWorker.run(SuiteRunnerWorker.java:96)
at org.testng.TestNG.runSuitesSequentially(TestNG.java:1212)
at org.testng.TestNG.runSuitesLocally(TestNG.java:1134)
at org.testng.TestNG.runSuites(TestNG.java:1063)
at org.testng.TestNG.run(TestNG.java:1031)
at org.testng.remote.AbstractRemoteTestNG.run(AbstractRemoteTestNG.java:115)
at org.testng.remote.RemoteTestNG.initAndRun(RemoteTestNG.java:293)
at org.testng.remote.RemoteTestNG.main(RemoteTestNG.java:91)
]]>
            </full-stacktrace>
          </exception> <!-- java.lang.AssertionError -->
          <reporter-output>
          </reporter-output>
        </test-method> <!-- verifyRegisteringAccountFieldsHeightWidthAligment -->
        <test-method is-config="true" signature="teardown()[pri:0, instance:tutorialsninja.tests.Register@515c6049]" started-at="2025-08-07T16:56:35 IST" name="teardown" finished-at="2025-08-07T16:56:36 IST" duration-ms="703" status="PASS">
          <reporter-output>
          </reporter-output>
        </test-method> <!-- teardown -->
        <test-method is-config="true" signature="setup()[pri:0, instance:tutorialsninja.tests.Register@515c6049]" started-at="2025-08-07T16:56:36 IST" name="setup" finished-at="2025-08-07T16:56:41 IST" duration-ms="5020" status="PASS">
          <reporter-output>
          </reporter-output>
        </test-method> <!-- setup -->
        <test-method signature="verifyLeadingAndTrailingSpacesWhileRegisteringAccount()[pri:17, instance:tutorialsninja.tests.Register@515c6049]" started-at="2025-08-07T16:56:41 IST" name="verifyLeadingAndTrailingSpacesWhileRegisteringAccount" finished-at="2025-08-07T16:56:45 IST" duration-ms="4059" status="PASS">
          <reporter-output>
          </reporter-output>
        </test-method> <!-- verifyLeadingAndTrailingSpacesWhileRegisteringAccount -->
        <test-method is-config="true" signature="teardown()[pri:0, instance:tutorialsninja.tests.Register@515c6049]" started-at="2025-08-07T16:56:45 IST" name="teardown" finished-at="2025-08-07T16:56:46 IST" duration-ms="619" status="PASS">
          <reporter-output>
          </reporter-output>
        </test-method> <!-- teardown -->
        <test-method is-config="true" signature="setup()[pri:0, instance:tutorialsninja.tests.Register@515c6049]" started-at="2025-08-07T16:56:46 IST" name="setup" finished-at="2025-08-07T16:56:52 IST" duration-ms="5928" status="PASS">
          <reporter-output>
          </reporter-output>
        </test-method> <!-- setup -->
        <test-method signature="verifyPrivacyPolicyFielOnRegisterAccountPage()[pri:18, instance:tutorialsninja.tests.Register@515c6049]" started-at="2025-08-07T16:56:52 IST" name="verifyPrivacyPolicyFielOnRegisterAccountPage" finished-at="2025-08-07T16:56:52 IST" duration-ms="39" status="PASS">
          <reporter-output>
          </reporter-output>
        </test-method> <!-- verifyPrivacyPolicyFielOnRegisterAccountPage -->
        <test-method is-config="true" signature="teardown()[pri:0, instance:tutorialsninja.tests.Register@515c6049]" started-at="2025-08-07T16:56:52 IST" name="teardown" finished-at="2025-08-07T16:56:52 IST" duration-ms="687" status="PASS">
          <reporter-output>
          </reporter-output>
        </test-method> <!-- teardown -->
        <test-method is-config="true" signature="setup()[pri:0, instance:tutorialsninja.tests.Register@515c6049]" started-at="2025-08-07T16:56:52 IST" name="setup" finished-at="2025-08-07T16:56:57 IST" duration-ms="4892" status="PASS">
          <reporter-output>
          </reporter-output>
        </test-method> <!-- setup -->
        <test-method signature="verifyRegisterAccountWithoutPrivacyPolicySelection()[pri:19, instance:tutorialsninja.tests.Register@515c6049]" started-at="2025-08-07T16:56:57 IST" name="verifyRegisterAccountWithoutPrivacyPolicySelection" finished-at="2025-08-07T16:56:59 IST" duration-ms="2150" status="PASS">
          <reporter-output>
          </reporter-output>
        </test-method> <!-- verifyRegisterAccountWithoutPrivacyPolicySelection -->
        <test-method is-config="true" signature="teardown()[pri:0, instance:tutorialsninja.tests.Register@515c6049]" started-at="2025-08-07T16:56:59 IST" name="teardown" finished-at="2025-08-07T16:57:00 IST" duration-ms="746" status="PASS">
          <reporter-output>
          </reporter-output>
        </test-method> <!-- teardown -->
        <test-method is-config="true" signature="setup()[pri:0, instance:tutorialsninja.tests.Register@515c6049]" started-at="2025-08-07T16:57:00 IST" name="setup" finished-at="2025-08-07T16:57:05 IST" duration-ms="5194" status="PASS">
          <reporter-output>
          </reporter-output>
        </test-method> <!-- setup -->
        <test-method signature="verifyVisibilityTogglineOfPasswordFieldOnRegisterAccount()[pri:20, instance:tutorialsninja.tests.Register@515c6049]" started-at="2025-08-07T16:57:05 IST" name="verifyVisibilityTogglineOfPasswordFieldOnRegisterAccount" finished-at="2025-08-07T16:57:06 IST" duration-ms="77" status="PASS">
          <reporter-output>
          </reporter-output>
        </test-method> <!-- verifyVisibilityTogglineOfPasswordFieldOnRegisterAccount -->
        <test-method is-config="true" signature="teardown()[pri:0, instance:tutorialsninja.tests.Register@515c6049]" started-at="2025-08-07T16:57:06 IST" name="teardown" finished-at="2025-08-07T16:57:06 IST" duration-ms="689" status="PASS">
          <reporter-output>
          </reporter-output>
        </test-method> <!-- teardown -->
        <test-method is-config="true" signature="setup()[pri:0, instance:tutorialsninja.tests.Register@515c6049]" started-at="2025-08-07T16:57:06 IST" name="setup" finished-at="2025-08-07T16:57:11 IST" duration-ms="5174" status="PASS">
          <reporter-output>
          </reporter-output>
        </test-method> <!-- setup -->
        <test-method signature="verifyWorkingOfEveryLinkOnRegisterAccountPage()[pri:21, instance:tutorialsninja.tests.Register@515c6049]" started-at="2025-08-07T16:57:11 IST" name="verifyWorkingOfEveryLinkOnRegisterAccountPage" finished-at="2025-08-07T16:57:53 IST" duration-ms="42039" status="PASS">
          <reporter-output>
          </reporter-output>
        </test-method> <!-- verifyWorkingOfEveryLinkOnRegisterAccountPage -->
        <test-method is-config="true" signature="teardown()[pri:0, instance:tutorialsninja.tests.Register@515c6049]" started-at="2025-08-07T16:57:53 IST" name="teardown" finished-at="2025-08-07T16:57:54 IST" duration-ms="748" status="PASS">
          <reporter-output>
          </reporter-output>
        </test-method> <!-- teardown -->
        <test-method is-config="true" signature="setup()[pri:0, instance:tutorialsninja.tests.Register@515c6049]" started-at="2025-08-07T16:57:54 IST" name="setup" finished-at="2025-08-07T16:58:00 IST" duration-ms="5643" status="PASS">
          <reporter-output>
          </reporter-output>
        </test-method> <!-- setup -->
        <test-method signature="verifyRegisteringAccountWithoutEnteringPasswordIntoConfirmField()[pri:22, instance:tutorialsninja.tests.Register@515c6049]" started-at="2025-08-07T16:58:00 IST" name="verifyRegisteringAccountWithoutEnteringPasswordIntoConfirmField" finished-at="2025-08-07T16:58:02 IST" duration-ms="1945" status="PASS">
          <reporter-output>
          </reporter-output>
        </test-method> <!-- verifyRegisteringAccountWithoutEnteringPasswordIntoConfirmField -->
        <test-method is-config="true" signature="teardown()[pri:0, instance:tutorialsninja.tests.Register@515c6049]" started-at="2025-08-07T16:58:02 IST" name="teardown" finished-at="2025-08-07T16:58:02 IST" duration-ms="711" status="PASS">
          <reporter-output>
          </reporter-output>
        </test-method> <!-- teardown -->
        <test-method is-config="true" signature="setup()[pri:0, instance:tutorialsninja.tests.Register@515c6049]" started-at="2025-08-07T16:58:02 IST" name="setup" finished-at="2025-08-07T16:58:08 IST" duration-ms="5448" status="PASS">
          <reporter-output>
          </reporter-output>
        </test-method> <!-- setup -->
        <test-method signature="verifyBreadcrumbURLHeadingTitleOfRegisterAccountPage()[pri:23, instance:tutorialsninja.tests.Register@515c6049]" started-at="2025-08-07T16:58:08 IST" name="verifyBreadcrumbURLHeadingTitleOfRegisterAccountPage" finished-at="2025-08-07T16:58:08 IST" duration-ms="100" status="PASS">
          <reporter-output>
          </reporter-output>
        </test-method> <!-- verifyBreadcrumbURLHeadingTitleOfRegisterAccountPage -->
        <test-method is-config="true" signature="teardown()[pri:0, instance:tutorialsninja.tests.Register@515c6049]" started-at="2025-08-07T16:58:08 IST" name="teardown" finished-at="2025-08-07T16:58:09 IST" duration-ms="619" status="PASS">
          <reporter-output>
          </reporter-output>
        </test-method> <!-- teardown -->
        <test-method is-config="true" signature="setup()[pri:0, instance:tutorialsninja.tests.Register@515c6049]" started-at="2025-08-07T16:58:09 IST" name="setup" finished-at="2025-08-07T16:58:14 IST" duration-ms="5150" status="PASS">
          <reporter-output>
          </reporter-output>
        </test-method> <!-- setup -->
        <test-method signature="verifyUIOfRegisterAccountPage()[pri:24, instance:tutorialsninja.tests.Register@515c6049]" started-at="2025-08-07T16:58:14 IST" name="verifyUIOfRegisterAccountPage" finished-at="2025-08-07T16:58:15 IST" duration-ms="916" status="PASS">
          <reporter-output>
          </reporter-output>
        </test-method> <!-- verifyUIOfRegisterAccountPage -->
        <test-method is-config="true" signature="teardown()[pri:0, instance:tutorialsninja.tests.Register@515c6049]" started-at="2025-08-07T16:58:15 IST" name="teardown" finished-at="2025-08-07T16:58:15 IST" duration-ms="653" status="PASS">
          <reporter-output>
          </reporter-output>
        </test-method> <!-- teardown -->
        <test-method is-config="true" signature="setup()[pri:0, instance:tutorialsninja.tests.Register@515c6049]" started-at="2025-08-07T16:58:15 IST" name="setup" finished-at="2025-08-07T16:58:20 IST" duration-ms="4725" status="PASS">
          <reporter-output>
          </reporter-output>
        </test-method> <!-- setup -->
        <test-method signature="verifyRegisterAccountInDifferentEnvironment()[pri:25, instance:tutorialsninja.tests.Register@515c6049]" started-at="2025-08-07T16:58:20 IST" name="verifyRegisterAccountInDifferentEnvironment" finished-at="2025-08-07T16:58:23 IST" duration-ms="3281" status="PASS">
          <reporter-output>
          </reporter-output>
        </test-method> <!-- verifyRegisterAccountInDifferentEnvironment -->
        <test-method is-config="true" signature="teardown()[pri:0, instance:tutorialsninja.tests.Register@515c6049]" started-at="2025-08-07T16:58:23 IST" name="teardown" finished-at="2025-08-07T16:58:24 IST" duration-ms="665" status="PASS">
          <reporter-output>
          </reporter-output>
        </test-method> <!-- teardown -->
        <test-method is-config="true" signature="tearDownReport()[pri:0, instance:tutorialsninja.tests.Register@515c6049]" started-at="2025-08-07T17:01:56 IST" name="tearDownReport" finished-at="2025-08-07T17:01:56 IST" duration-ms="104" status="PASS">
          <reporter-output>
          </reporter-output>
        </test-method> <!-- tearDownReport -->
      </class> <!-- tutorialsninja.tests.Register -->
    </test> <!-- tutorialsninja Tests -->
  </suite> <!-- tutorialsninja Suite -->
</testng-results>
